执行日期：2015-10-31-16：46：21
【接收到的notify通知】:
<xml><appid><![CDATA[wx453905c45baecec5]]></appid>
<bank_type><![CDATA[CFT]]></bank_type>
<cash_fee><![CDATA[1]]></cash_fee>
<fee_type><![CDATA[CNY]]></fee_type>
<is_subscribe><![CDATA[Y]]></is_subscribe>
<mch_id><![CDATA[1282135901]]></mch_id>
<nonce_str><![CDATA[cslg4mj8xrkwy7e3x71whngr71hli35o]]></nonce_str>
<openid><![CDATA[ohvT7w7FEfE7vJNNWmvW-t_tVHjI]]></openid>
<out_trade_no><![CDATA[wx453905c45baecec51446281116]]></out_trade_no>
<result_code><![CDATA[SUCCESS]]></result_code>
<return_code><![CDATA[SUCCESS]]></return_code>
<sign><![CDATA[E7B68EEB78D9179A9129558AB21AE14B]]></sign>
<time_end><![CDATA[20151031164607]]></time_end>
<total_fee>1</total_fee>
<trade_type><![CDATA[JSAPI]]></trade_type>
<transaction_id><![CDATA[1001110264201510311403742582]]></transaction_id>
</xml>


执行日期：2015-10-31-16：46：21
【支付成功】:
<xml><appid><![CDATA[wx453905c45baecec5]]></appid>
<bank_type><![CDATA[CFT]]></bank_type>
<cash_fee><![CDATA[1]]></cash_fee>
<fee_type><![CDATA[CNY]]></fee_type>
<is_subscribe><![CDATA[Y]]></is_subscribe>
<mch_id><![CDATA[1282135901]]></mch_id>
<nonce_str><![CDATA[cslg4mj8xrkwy7e3x71whngr71hli35o]]></nonce_str>
<openid><![CDATA[ohvT7w7FEfE7vJNNWmvW-t_tVHjI]]></openid>
<out_trade_no><![CDATA[wx453905c45baecec51446281116]]></out_trade_no>
<result_code><![CDATA[SUCCESS]]></result_code>
<return_code><![CDATA[SUCCESS]]></return_code>
<sign><![CDATA[E7B68EEB78D9179A9129558AB21AE14B]]></sign>
<time_end><![CDATA[20151031164607]]></time_end>
<total_fee>1</total_fee>
<trade_type><![CDATA[JSAPI]]></trade_type>
<transaction_id><![CDATA[1001110264201510311403742582]]></transaction_id>
</xml>


执行日期：2015-10-31-16：46：39
【接收到的notify通知】:
<xml><appid><![CDATA[wx453905c45baecec5]]></appid>
<bank_type><![CDATA[CFT]]></bank_type>
<cash_fee><![CDATA[1]]></cash_fee>
<fee_type><![CDATA[CNY]]></fee_type>
<is_subscribe><![CDATA[Y]]></is_subscribe>
<mch_id><![CDATA[1282135901]]></mch_id>
<nonce_str><![CDATA[cslg4mj8xrkwy7e3x71whngr71hli35o]]></nonce_str>
<openid><![CDATA[ohvT7w7FEfE7vJNNWmvW-t_tVHjI]]></openid>
<out_trade_no><![CDATA[wx453905c45baecec51446281116]]></out_trade_no>
<result_code><![CDATA[SUCCESS]]></result_code>
<return_code><![CDATA[SUCCESS]]></return_code>
<sign><![CDATA[E7B68EEB78D9179A9129558AB21AE14B]]></sign>
<time_end><![CDATA[20151031164607]]></time_end>
<total_fee>1</total_fee>
<trade_type><![CDATA[JSAPI]]></trade_type>
<transaction_id><![CDATA[1001110264201510311403742582]]></transaction_id>
</xml>


执行日期：2015-10-31-16：46：39
【支付成功】:
<xml><appid><![CDATA[wx453905c45baecec5]]></appid>
<bank_type><![CDATA[CFT]]></bank_type>
<cash_fee><![CDATA[1]]></cash_fee>
<fee_type><![CDATA[CNY]]></fee_type>
<is_subscribe><![CDATA[Y]]></is_subscribe>
<mch_id><![CDATA[1282135901]]></mch_id>
<nonce_str><![CDATA[cslg4mj8xrkwy7e3x71whngr71hli35o]]></nonce_str>
<openid><![CDATA[ohvT7w7FEfE7vJNNWmvW-t_tVHjI]]></openid>
<out_trade_no><![CDATA[wx453905c45baecec51446281116]]></out_trade_no>
<result_code><![CDATA[SUCCESS]]></result_code>
<return_code><![CDATA[SUCCESS]]></return_code>
<sign><![CDATA[E7B68EEB78D9179A9129558AB21AE14B]]></sign>
<time_end><![CDATA[20151031164607]]></time_end>
<total_fee>1</total_fee>
<trade_type><![CDATA[JSAPI]]></trade_type>
<transaction_id><![CDATA[1001110264201510311403742582]]></transaction_id>
</xml>


执行日期：2015-10-31-16：47：14
【接收到的notify通知】:
<xml><appid><![CDATA[wx453905c45baecec5]]></appid>
<bank_type><![CDATA[CFT]]></bank_type>
<cash_fee><![CDATA[1]]></cash_fee>
<fee_type><![CDATA[CNY]]></fee_type>
<is_subscribe><![CDATA[Y]]></is_subscribe>
<mch_id><![CDATA[1282135901]]></mch_id>
<nonce_str><![CDATA[cslg4mj8xrkwy7e3x71whngr71hli35o]]></nonce_str>
<openid><![CDATA[ohvT7w7FEfE7vJNNWmvW-t_tVHjI]]></openid>
<out_trade_no><![CDATA[wx453905c45baecec51446281116]]></out_trade_no>
<result_code><![CDATA[SUCCESS]]></result_code>
<return_code><![CDATA[SUCCESS]]></return_code>
<sign><![CDATA[E7B68EEB78D9179A9129558AB21AE14B]]></sign>
<time_end><![CDATA[20151031164607]]></time_end>
<total_fee>1</total_fee>
<trade_type><![CDATA[JSAPI]]></trade_type>
<transaction_id><![CDATA[1001110264201510311403742582]]></transaction_id>
</xml>


执行日期：2015-10-31-16：47：14
【支付成功】:
<xml><appid><![CDATA[wx453905c45baecec5]]></appid>
<bank_type><![CDATA[CFT]]></bank_type>
<cash_fee><![CDATA[1]]></cash_fee>
<fee_type><![CDATA[CNY]]></fee_type>
<is_subscribe><![CDATA[Y]]></is_subscribe>
<mch_id><![CDATA[1282135901]]></mch_id>
<nonce_str><![CDATA[cslg4mj8xrkwy7e3x71whngr71hli35o]]></nonce_str>
<openid><![CDATA[ohvT7w7FEfE7vJNNWmvW-t_tVHjI]]></openid>
<out_trade_no><![CDATA[wx453905c45baecec51446281116]]></out_trade_no>
<result_code><![CDATA[SUCCESS]]></result_code>
<return_code><![CDATA[SUCCESS]]></return_code>
<sign><![CDATA[E7B68EEB78D9179A9129558AB21AE14B]]></sign>
<time_end><![CDATA[20151031164607]]></time_end>
<total_fee>1</total_fee>
<trade_type><![CDATA[JSAPI]]></trade_type>
<transaction_id><![CDATA[1001110264201510311403742582]]></transaction_id>
</xml>


执行日期：2015-10-31-16：50：18
【接收到的notify通知】:
<xml><appid><![CDATA[wx453905c45baecec5]]></appid>
<bank_type><![CDATA[CFT]]></bank_type>
<cash_fee><![CDATA[1]]></cash_fee>
<fee_type><![CDATA[CNY]]></fee_type>
<is_subscribe><![CDATA[Y]]></is_subscribe>
<mch_id><![CDATA[1282135901]]></mch_id>
<nonce_str><![CDATA[cslg4mj8xrkwy7e3x71whngr71hli35o]]></nonce_str>
<openid><![CDATA[ohvT7w7FEfE7vJNNWmvW-t_tVHjI]]></openid>
<out_trade_no><![CDATA[wx453905c45baecec51446281116]]></out_trade_no>
<result_code><![CDATA[SUCCESS]]></result_code>
<return_code><![CDATA[SUCCESS]]></return_code>
<sign><![CDATA[E7B68EEB78D9179A9129558AB21AE14B]]></sign>
<time_end><![CDATA[20151031164607]]></time_end>
<total_fee>1</total_fee>
<trade_type><![CDATA[JSAPI]]></trade_type>
<transaction_id><![CDATA[1001110264201510311403742582]]></transaction_id>
</xml>


执行日期：2015-10-31-16：50：18
【支付成功】:
<xml><appid><![CDATA[wx453905c45baecec5]]></appid>
<bank_type><![CDATA[CFT]]></bank_type>
<cash_fee><![CDATA[1]]></cash_fee>
<fee_type><![CDATA[CNY]]></fee_type>
<is_subscribe><![CDATA[Y]]></is_subscribe>
<mch_id><![CDATA[1282135901]]></mch_id>
<nonce_str><![CDATA[cslg4mj8xrkwy7e3x71whngr71hli35o]]></nonce_str>
<openid><![CDATA[ohvT7w7FEfE7vJNNWmvW-t_tVHjI]]></openid>
<out_trade_no><![CDATA[wx453905c45baecec51446281116]]></out_trade_no>
<result_code><![CDATA[SUCCESS]]></result_code>
<return_code><![CDATA[SUCCESS]]></return_code>
<sign><![CDATA[E7B68EEB78D9179A9129558AB21AE14B]]></sign>
<time_end><![CDATA[20151031164607]]></time_end>
<total_fee>1</total_fee>
<trade_type><![CDATA[JSAPI]]></trade_type>
<transaction_id><![CDATA[1001110264201510311403742582]]></transaction_id>
</xml>


执行日期：2015-10-31-17：20：22
【接收到的notify通知】:
<xml><appid><![CDATA[wx453905c45baecec5]]></appid>
<bank_type><![CDATA[CFT]]></bank_type>
<cash_fee><![CDATA[1]]></cash_fee>
<fee_type><![CDATA[CNY]]></fee_type>
<is_subscribe><![CDATA[Y]]></is_subscribe>
<mch_id><![CDATA[1282135901]]></mch_id>
<nonce_str><![CDATA[cslg4mj8xrkwy7e3x71whngr71hli35o]]></nonce_str>
<openid><![CDATA[ohvT7w7FEfE7vJNNWmvW-t_tVHjI]]></openid>
<out_trade_no><![CDATA[wx453905c45baecec51446281116]]></out_trade_no>
<result_code><![CDATA[SUCCESS]]></result_code>
<return_code><![CDATA[SUCCESS]]></return_code>
<sign><![CDATA[E7B68EEB78D9179A9129558AB21AE14B]]></sign>
<time_end><![CDATA[20151031164607]]></time_end>
<total_fee>1</total_fee>
<trade_type><![CDATA[JSAPI]]></trade_type>
<transaction_id><![CDATA[1001110264201510311403742582]]></transaction_id>
</xml>


执行日期：2015-10-31-17：20：22
【支付成功】:
<xml><appid><![CDATA[wx453905c45baecec5]]></appid>
<bank_type><![CDATA[CFT]]></bank_type>
<cash_fee><![CDATA[1]]></cash_fee>
<fee_type><![CDATA[CNY]]></fee_type>
<is_subscribe><![CDATA[Y]]></is_subscribe>
<mch_id><![CDATA[1282135901]]></mch_id>
<nonce_str><![CDATA[cslg4mj8xrkwy7e3x71whngr71hli35o]]></nonce_str>
<openid><![CDATA[ohvT7w7FEfE7vJNNWmvW-t_tVHjI]]></openid>
<out_trade_no><![CDATA[wx453905c45baecec51446281116]]></out_trade_no>
<result_code><![CDATA[SUCCESS]]></result_code>
<return_code><![CDATA[SUCCESS]]></return_code>
<sign><![CDATA[E7B68EEB78D9179A9129558AB21AE14B]]></sign>
<time_end><![CDATA[20151031164607]]></time_end>
<total_fee>1</total_fee>
<trade_type><![CDATA[JSAPI]]></trade_type>
<transaction_id><![CDATA[1001110264201510311403742582]]></transaction_id>
</xml>


执行日期：2015-10-31-17：50：27
【接收到的notify通知】:
<xml><appid><![CDATA[wx453905c45baecec5]]></appid>
<bank_type><![CDATA[CFT]]></bank_type>
<cash_fee><![CDATA[1]]></cash_fee>
<fee_type><![CDATA[CNY]]></fee_type>
<is_subscribe><![CDATA[Y]]></is_subscribe>
<mch_id><![CDATA[1282135901]]></mch_id>
<nonce_str><![CDATA[cslg4mj8xrkwy7e3x71whngr71hli35o]]></nonce_str>
<openid><![CDATA[ohvT7w7FEfE7vJNNWmvW-t_tVHjI]]></openid>
<out_trade_no><![CDATA[wx453905c45baecec51446281116]]></out_trade_no>
<result_code><![CDATA[SUCCESS]]></result_code>
<return_code><![CDATA[SUCCESS]]></return_code>
<sign><![CDATA[E7B68EEB78D9179A9129558AB21AE14B]]></sign>
<time_end><![CDATA[20151031164607]]></time_end>
<total_fee>1</total_fee>
<trade_type><![CDATA[JSAPI]]></trade_type>
<transaction_id><![CDATA[1001110264201510311403742582]]></transaction_id>
</xml>


执行日期：2015-10-31-17：50：27
【支付成功】:
<xml><appid><![CDATA[wx453905c45baecec5]]></appid>
<bank_type><![CDATA[CFT]]></bank_type>
<cash_fee><![CDATA[1]]></cash_fee>
<fee_type><![CDATA[CNY]]></fee_type>
<is_subscribe><![CDATA[Y]]></is_subscribe>
<mch_id><![CDATA[1282135901]]></mch_id>
<nonce_str><![CDATA[cslg4mj8xrkwy7e3x71whngr71hli35o]]></nonce_str>
<openid><![CDATA[ohvT7w7FEfE7vJNNWmvW-t_tVHjI]]></openid>
<out_trade_no><![CDATA[wx453905c45baecec51446281116]]></out_trade_no>
<result_code><![CDATA[SUCCESS]]></result_code>
<return_code><![CDATA[SUCCESS]]></return_code>
<sign><![CDATA[E7B68EEB78D9179A9129558AB21AE14B]]></sign>
<time_end><![CDATA[20151031164607]]></time_end>
<total_fee>1</total_fee>
<trade_type><![CDATA[JSAPI]]></trade_type>
<transaction_id><![CDATA[1001110264201510311403742582]]></transaction_id>
</xml>


执行日期：2015-10-31-18：20：30
【接收到的notify通知】:
<xml><appid><![CDATA[wx453905c45baecec5]]></appid>
<bank_type><![CDATA[CFT]]></bank_type>
<cash_fee><![CDATA[1]]></cash_fee>
<fee_type><![CDATA[CNY]]></fee_type>
<is_subscribe><![CDATA[Y]]></is_subscribe>
<mch_id><![CDATA[1282135901]]></mch_id>
<nonce_str><![CDATA[cslg4mj8xrkwy7e3x71whngr71hli35o]]></nonce_str>
<openid><![CDATA[ohvT7w7FEfE7vJNNWmvW-t_tVHjI]]></openid>
<out_trade_no><![CDATA[wx453905c45baecec51446281116]]></out_trade_no>
<result_code><![CDATA[SUCCESS]]></result_code>
<return_code><![CDATA[SUCCESS]]></return_code>
<sign><![CDATA[E7B68EEB78D9179A9129558AB21AE14B]]></sign>
<time_end><![CDATA[20151031164607]]></time_end>
<total_fee>1</total_fee>
<trade_type><![CDATA[JSAPI]]></trade_type>
<transaction_id><![CDATA[1001110264201510311403742582]]></transaction_id>
</xml>


执行日期：2015-10-31-18：20：30
【支付成功】:
<xml><appid><![CDATA[wx453905c45baecec5]]></appid>
<bank_type><![CDATA[CFT]]></bank_type>
<cash_fee><![CDATA[1]]></cash_fee>
<fee_type><![CDATA[CNY]]></fee_type>
<is_subscribe><![CDATA[Y]]></is_subscribe>
<mch_id><![CDATA[1282135901]]></mch_id>
<nonce_str><![CDATA[cslg4mj8xrkwy7e3x71whngr71hli35o]]></nonce_str>
<openid><![CDATA[ohvT7w7FEfE7vJNNWmvW-t_tVHjI]]></openid>
<out_trade_no><![CDATA[wx453905c45baecec51446281116]]></out_trade_no>
<result_code><![CDATA[SUCCESS]]></result_code>
<return_code><![CDATA[SUCCESS]]></return_code>
<sign><![CDATA[E7B68EEB78D9179A9129558AB21AE14B]]></sign>
<time_end><![CDATA[20151031164607]]></time_end>
<total_fee>1</total_fee>
<trade_type><![CDATA[JSAPI]]></trade_type>
<transaction_id><![CDATA[1001110264201510311403742582]]></transaction_id>
</xml>


执行日期：2015-10-31-18：50：33
【接收到的notify通知】:
<xml><appid><![CDATA[wx453905c45baecec5]]></appid>
<bank_type><![CDATA[CFT]]></bank_type>
<cash_fee><![CDATA[1]]></cash_fee>
<fee_type><![CDATA[CNY]]></fee_type>
<is_subscribe><![CDATA[Y]]></is_subscribe>
<mch_id><![CDATA[1282135901]]></mch_id>
<nonce_str><![CDATA[cslg4mj8xrkwy7e3x71whngr71hli35o]]></nonce_str>
<openid><![CDATA[ohvT7w7FEfE7vJNNWmvW-t_tVHjI]]></openid>
<out_trade_no><![CDATA[wx453905c45baecec51446281116]]></out_trade_no>
<result_code><![CDATA[SUCCESS]]></result_code>
<return_code><![CDATA[SUCCESS]]></return_code>
<sign><![CDATA[E7B68EEB78D9179A9129558AB21AE14B]]></sign>
<time_end><![CDATA[20151031164607]]></time_end>
<total_fee>1</total_fee>
<trade_type><![CDATA[JSAPI]]></trade_type>
<transaction_id><![CDATA[1001110264201510311403742582]]></transaction_id>
</xml>


执行日期：2015-10-31-18：50：33
【支付成功】:
<xml><appid><![CDATA[wx453905c45baecec5]]></appid>
<bank_type><![CDATA[CFT]]></bank_type>
<cash_fee><![CDATA[1]]></cash_fee>
<fee_type><![CDATA[CNY]]></fee_type>
<is_subscribe><![CDATA[Y]]></is_subscribe>
<mch_id><![CDATA[1282135901]]></mch_id>
<nonce_str><![CDATA[cslg4mj8xrkwy7e3x71whngr71hli35o]]></nonce_str>
<openid><![CDATA[ohvT7w7FEfE7vJNNWmvW-t_tVHjI]]></openid>
<out_trade_no><![CDATA[wx453905c45baecec51446281116]]></out_trade_no>
<result_code><![CDATA[SUCCESS]]></result_code>
<return_code><![CDATA[SUCCESS]]></return_code>
<sign><![CDATA[E7B68EEB78D9179A9129558AB21AE14B]]></sign>
<time_end><![CDATA[20151031164607]]></time_end>
<total_fee>1</total_fee>
<trade_type><![CDATA[JSAPI]]></trade_type>
<transaction_id><![CDATA[1001110264201510311403742582]]></transaction_id>
</xml>


执行日期：2015-10-31-19：50：35
【接收到的notify通知】:
<xml><appid><![CDATA[wx453905c45baecec5]]></appid>
<bank_type><![CDATA[CFT]]></bank_type>
<cash_fee><![CDATA[1]]></cash_fee>
<fee_type><![CDATA[CNY]]></fee_type>
<is_subscribe><![CDATA[Y]]></is_subscribe>
<mch_id><![CDATA[1282135901]]></mch_id>
<nonce_str><![CDATA[cslg4mj8xrkwy7e3x71whngr71hli35o]]></nonce_str>
<openid><![CDATA[ohvT7w7FEfE7vJNNWmvW-t_tVHjI]]></openid>
<out_trade_no><![CDATA[wx453905c45baecec51446281116]]></out_trade_no>
<result_code><![CDATA[SUCCESS]]></result_code>
<return_code><![CDATA[SUCCESS]]></return_code>
<sign><![CDATA[E7B68EEB78D9179A9129558AB21AE14B]]></sign>
<time_end><![CDATA[20151031164607]]></time_end>
<total_fee>1</total_fee>
<trade_type><![CDATA[JSAPI]]></trade_type>
<transaction_id><![CDATA[1001110264201510311403742582]]></transaction_id>
</xml>


执行日期：2015-10-31-19：50：35
【支付成功】:
<xml><appid><![CDATA[wx453905c45baecec5]]></appid>
<bank_type><![CDATA[CFT]]></bank_type>
<cash_fee><![CDATA[1]]></cash_fee>
<fee_type><![CDATA[CNY]]></fee_type>
<is_subscribe><![CDATA[Y]]></is_subscribe>
<mch_id><![CDATA[1282135901]]></mch_id>
<nonce_str><![CDATA[cslg4mj8xrkwy7e3x71whngr71hli35o]]></nonce_str>
<openid><![CDATA[ohvT7w7FEfE7vJNNWmvW-t_tVHjI]]></openid>
<out_trade_no><![CDATA[wx453905c45baecec51446281116]]></out_trade_no>
<result_code><![CDATA[SUCCESS]]></result_code>
<return_code><![CDATA[SUCCESS]]></return_code>
<sign><![CDATA[E7B68EEB78D9179A9129558AB21AE14B]]></sign>
<time_end><![CDATA[20151031164607]]></time_end>
<total_fee>1</total_fee>
<trade_type><![CDATA[JSAPI]]></trade_type>
<transaction_id><![CDATA[1001110264201510311403742582]]></transaction_id>
</xml>


执行日期：2015-11-03-11：%M：%S
【接收到的notify通知】:
<xml><appid><![CDATA[wx551a993002bf18af]]></appid>
<bank_type><![CDATA[CFT]]></bank_type>
<cash_fee><![CDATA[1]]></cash_fee>
<fee_type><![CDATA[CNY]]></fee_type>
<is_subscribe><![CDATA[Y]]></is_subscribe>
<mch_id><![CDATA[1253361301]]></mch_id>
<nonce_str><![CDATA[hytlj1m70u598gag4ni3lkgh2pxdjwqn]]></nonce_str>
<openid><![CDATA[oMHOwvzIpO4aQdR2GKVHXJoJ6zI0]]></openid>
<out_trade_no><![CDATA[wx551a993002bf18af1446522153]]></out_trade_no>
<result_code><![CDATA[SUCCESS]]></result_code>
<return_code><![CDATA[SUCCESS]]></return_code>
<sign><![CDATA[6E6B28D09DD2BB3322530D8AFE86E9E3]]></sign>
<time_end><![CDATA[20151103114245]]></time_end>
<total_fee>1</total_fee>
<trade_type><![CDATA[JSAPI]]></trade_type>
<transaction_id><![CDATA[1001110176201511031436562077]]></transaction_id>
</xml>


执行日期：2015-11-03-11：%M：%S
【支付成功】:
<xml><appid><![CDATA[wx551a993002bf18af]]></appid>
<bank_type><![CDATA[CFT]]></bank_type>
<cash_fee><![CDATA[1]]></cash_fee>
<fee_type><![CDATA[CNY]]></fee_type>
<is_subscribe><![CDATA[Y]]></is_subscribe>
<mch_id><![CDATA[1253361301]]></mch_id>
<nonce_str><![CDATA[hytlj1m70u598gag4ni3lkgh2pxdjwqn]]></nonce_str>
<openid><![CDATA[oMHOwvzIpO4aQdR2GKVHXJoJ6zI0]]></openid>
<out_trade_no><![CDATA[wx551a993002bf18af1446522153]]></out_trade_no>
<result_code><![CDATA[SUCCESS]]></result_code>
<return_code><![CDATA[SUCCESS]]></return_code>
<sign><![CDATA[6E6B28D09DD2BB3322530D8AFE86E9E3]]></sign>
<time_end><![CDATA[20151103114245]]></time_end>
<total_fee>1</total_fee>
<trade_type><![CDATA[JSAPI]]></trade_type>
<transaction_id><![CDATA[1001110176201511031436562077]]></transaction_id>
</xml>


执行日期：2015-11-03-11：%M：%S
【接收到的notify通知】:
<xml><appid><![CDATA[wx551a993002bf18af]]></appid>
<bank_type><![CDATA[CFT]]></bank_type>
<cash_fee><![CDATA[1]]></cash_fee>
<fee_type><![CDATA[CNY]]></fee_type>
<is_subscribe><![CDATA[Y]]></is_subscribe>
<mch_id><![CDATA[1253361301]]></mch_id>
<nonce_str><![CDATA[4fh9zlbytgx1jvv6a1i5k3m4xd30ah5w]]></nonce_str>
<openid><![CDATA[oMHOwvzIpO4aQdR2GKVHXJoJ6zI0]]></openid>
<out_trade_no><![CDATA[wx551a993002bf18af1446522768]]></out_trade_no>
<result_code><![CDATA[SUCCESS]]></result_code>
<return_code><![CDATA[SUCCESS]]></return_code>
<sign><![CDATA[3F765ECE36AAFB2D68A4E3F7C429D9DC]]></sign>
<time_end><![CDATA[20151103115254]]></time_end>
<total_fee>1</total_fee>
<trade_type><![CDATA[JSAPI]]></trade_type>
<transaction_id><![CDATA[1001110176201511031436717781]]></transaction_id>
</xml>


执行日期：2015-11-03-11：%M：%S
【支付成功】:
<xml><appid><![CDATA[wx551a993002bf18af]]></appid>
<bank_type><![CDATA[CFT]]></bank_type>
<cash_fee><![CDATA[1]]></cash_fee>
<fee_type><![CDATA[CNY]]></fee_type>
<is_subscribe><![CDATA[Y]]></is_subscribe>
<mch_id><![CDATA[1253361301]]></mch_id>
<nonce_str><![CDATA[4fh9zlbytgx1jvv6a1i5k3m4xd30ah5w]]></nonce_str>
<openid><![CDATA[oMHOwvzIpO4aQdR2GKVHXJoJ6zI0]]></openid>
<out_trade_no><![CDATA[wx551a993002bf18af1446522768]]></out_trade_no>
<result_code><![CDATA[SUCCESS]]></result_code>
<return_code><![CDATA[SUCCESS]]></return_code>
<sign><![CDATA[3F765ECE36AAFB2D68A4E3F7C429D9DC]]></sign>
<time_end><![CDATA[20151103115254]]></time_end>
<total_fee>1</total_fee>
<trade_type><![CDATA[JSAPI]]></trade_type>
<transaction_id><![CDATA[1001110176201511031436717781]]></transaction_id>
</xml>


