[ 2018-05-21T11:15:48+08:00 ] 182.100.1.217 /jradmin.php?m=admin&c=cache&a=qclear
INFO: [ app_init ] --START--
INFO: Run Behavior\BuildLiteBehavior [ RunTime:0.000015s ]
INFO: [ app_init ] --END-- [ RunTime:0.000302s ]
INFO: [ app_begin ] --START--
INFO: Run Behavior\ReadHtmlCacheBehavior [ RunTime:0.000365s ]
INFO: Run Common\Behavior\CheckLangBehavior [ RunTime:0.001208s ]
NOTIC: [8] Use of undefined constant GROUP_NAME - assumed 'GROUP_NAME' /home/wwwroot/zhshg.0791jr.com/web/app/Common/Behavior/load_langBehavior.class.php 第 29 行.
INFO: Run Common\Behavior\load_langBehavior [ RunTime:0.000459s ]
INFO: [ app_begin ] --END-- [ RunTime:0.002126s ]
NOTIC: [2] Missing argument 1 for Common\Org\Dir::__construct(), called in /home/wwwroot/zhshg.0791jr.com/web/app/Admin/Controller/CacheController.class.php on line 42 and defined /home/wwwroot/zhshg.0791jr.com/web/app/Common/Org/Dir.class.php 第 40 行.
NOTIC: [8] Undefined variable: path /home/wwwroot/zhshg.0791jr.com/web/app/Common/Org/Dir.class.php 第 42 行.
NOTIC: [8] Undefined variable: path /home/wwwroot/zhshg.0791jr.com/web/app/Common/Org/Dir.class.php 第 42 行.
NOTIC: [8] Use of undefined constant PIN_DATA_PATH - assumed 'PIN_DATA_PATH' /home/wwwroot/zhshg.0791jr.com/web/app/Admin/Controller/CacheController.class.php 第 48 行.
NOTIC: [8] Use of undefined constant RUNTIME_FILE - assumed 'RUNTIME_FILE' /home/wwwroot/zhshg.0791jr.com/web/app/Admin/Controller/CacheController.class.php 第 49 行.
NOTIC: [2] unlink(RUNTIME_FILE): No such file or directory /home/wwwroot/zhshg.0791jr.com/web/app/Admin/Controller/CacheController.class.php 第 49 行.

[ 2018-05-21T11:17:52+08:00 ] 182.100.1.217 /jradmin.php?m=admin&c=member&a=upgrade&time_start=&time_end=&keywords=181467
INFO: [ app_init ] --START--
INFO: Run Behavior\BuildLiteBehavior [ RunTime:0.000014s ]
INFO: [ app_init ] --END-- [ RunTime:0.000299s ]
ERR: SQLSTATE[42S22]: Column not found: 1054 Unknown column 'member_id' in 'IN/ALL/ANY subquery'

[ 2018-05-21T11:18:30+08:00 ] 182.100.1.217 /jradmin.php?m=admin&c=member&a=upgrade&menuid=474
INFO: [ app_init ] --START--
INFO: Run Behavior\BuildLiteBehavior [ RunTime:0.000024s ]
INFO: [ app_init ] --END-- [ RunTime:0.000480s ]

[ 2018-05-21T11:19:06+08:00 ] 182.100.1.217 /jradmin.php?m=admin&c=member&a=upgrade&menuid=474
INFO: [ app_init ] --START--
INFO: Run Behavior\BuildLiteBehavior [ RunTime:0.000013s ]
INFO: [ app_init ] --END-- [ RunTime:0.000270s ]

[ 2018-05-21T11:19:09+08:00 ] 182.100.1.217 /jradmin.php?m=admin&c=member&a=upgrade&time_start=&time_end=&keywords=181467085
INFO: [ app_init ] --START--
INFO: Run Behavior\BuildLiteBehavior [ RunTime:0.000012s ]
INFO: [ app_init ] --END-- [ RunTime:0.000277s ]

[ 2018-05-21T11:19:17+08:00 ] 182.100.1.217 /jradmin.php?m=admin&c=member&a=upgrade&menuid=474
INFO: [ app_init ] --START--
INFO: Run Behavior\BuildLiteBehavior [ RunTime:0.000013s ]
INFO: [ app_init ] --END-- [ RunTime:0.000269s ]

[ 2018-05-21T11:21:55+08:00 ] 106.6.162.14 /jradmin.php?m=admin&c=member&a=upgrade&m=admin&menuid=474&p=1
INFO: [ app_init ] --START--
INFO: Run Behavior\BuildLiteBehavior [ RunTime:0.000016s ]
INFO: [ app_init ] --END-- [ RunTime:0.000302s ]

[ 2018-05-21T11:30:59+08:00 ] 182.104.65.231 /jradmin.php?m=admin&c=index&a=index
INFO: [ app_init ] --START--
INFO: Run Behavior\BuildLiteBehavior [ RunTime:0.000017s ]
INFO: [ app_init ] --END-- [ RunTime:0.000313s ]

[ 2018-05-21T11:30:59+08:00 ] 182.104.65.231 /jradmin.php?m=admin&c=index&a=login
INFO: [ app_init ] --START--
INFO: Run Behavior\BuildLiteBehavior [ RunTime:0.000018s ]
INFO: [ app_init ] --END-- [ RunTime:0.000425s ]

[ 2018-05-21T11:30:59+08:00 ] 182.104.65.231 /jradmin.php?m=admin&c=index&a=verify_code&t=1526873459
INFO: [ app_init ] --START--
INFO: Run Behavior\BuildLiteBehavior [ RunTime:0.000016s ]
INFO: [ app_init ] --END-- [ RunTime:0.000290s ]

[ 2018-05-21T11:31:14+08:00 ] 182.104.65.231 /jradmin.php?m=admin&c=index&a=login
INFO: [ app_init ] --START--
INFO: Run Behavior\BuildLiteBehavior [ RunTime:0.000013s ]
INFO: [ app_init ] --END-- [ RunTime:0.000272s ]

[ 2018-05-21T11:31:15+08:00 ] 182.104.65.231 /jradmin.php?m=admin&c=index&a=index
INFO: [ app_init ] --START--
INFO: Run Behavior\BuildLiteBehavior [ RunTime:0.000017s ]
INFO: [ app_init ] --END-- [ RunTime:0.000298s ]

[ 2018-05-21T11:31:16+08:00 ] 182.104.65.231 /jradmin.php?m=admin&c=index&a=panel
INFO: [ app_init ] --START--
INFO: Run Behavior\BuildLiteBehavior [ RunTime:0.000013s ]
INFO: [ app_init ] --END-- [ RunTime:0.000285s ]

[ 2018-05-21T11:31:16+08:00 ] 182.104.65.231 /jradmin.php?m=admin&c=index&a=left
INFO: [ app_init ] --START--
INFO: Run Behavior\BuildLiteBehavior [ RunTime:0.000012s ]
INFO: [ app_init ] --END-- [ RunTime:0.000284s ]
INFO: [ app_begin ] --START--
INFO: Run Behavior\ReadHtmlCacheBehavior [ RunTime:0.000369s ]
INFO: Run Common\Behavior\CheckLangBehavior [ RunTime:0.001170s ]
NOTIC: [8] Use of undefined constant GROUP_NAME - assumed 'GROUP_NAME' /home/wwwroot/zhshg.0791jr.com/web/app/Common/Behavior/load_langBehavior.class.php 第 29 行.
INFO: Run Common\Behavior\load_langBehavior [ RunTime:0.000438s ]
INFO: [ app_begin ] --END-- [ RunTime:0.002078s ]
SQL: SHOW COLUMNS FROM `jrkj_menu` [ RunTime:0.0007s ]
NOTIC: [8] Undefined variable: left_menu /home/wwwroot/zhshg.0791jr.com/web/app/Admin/Controller/IndexController.class.php 第 128 行.
INFO: [ view_parse ] --START--
INFO: [ template_filter ] --START--
INFO: Run Behavior\ContentReplaceBehavior [ RunTime:0.000041s ]
INFO: [ template_filter ] --END-- [ RunTime:0.000079s ]
INFO: Run Behavior\ParseTemplateBehavior [ RunTime:0.005795s ]
INFO: [ view_parse ] --END-- [ RunTime:0.005837s ]
INFO: [ view_filter ] --START--
INFO: Run Behavior\WriteHtmlCacheBehavior [ RunTime:0.000127s ]
INFO: Run Behavior\TokenBuildBehavior [ RunTime:0.000225s ]
INFO: [ view_filter ] --END-- [ RunTime:0.000409s ]
INFO: [ app_end ] --START--
INFO: Run Behavior\ShowPageTraceBehavior [ RunTime:0.000355s ]
INFO: [ app_end ] --END-- [ RunTime:0.000391s ]

[ 2018-05-21T11:31:30+08:00 ] 182.104.65.231 /jradmin.php?m=admin&c=index&a=left
INFO: [ app_init ] --START--
INFO: Run Behavior\BuildLiteBehavior [ RunTime:0.000012s ]
INFO: [ app_init ] --END-- [ RunTime:0.000261s ]
INFO: [ app_begin ] --START--
INFO: Run Behavior\ReadHtmlCacheBehavior [ RunTime:0.000357s ]
INFO: Run Common\Behavior\CheckLangBehavior [ RunTime:0.001130s ]
NOTIC: [8] Use of undefined constant GROUP_NAME - assumed 'GROUP_NAME' /home/wwwroot/zhshg.0791jr.com/web/app/Common/Behavior/load_langBehavior.class.php 第 29 行.
INFO: Run Common\Behavior\load_langBehavior [ RunTime:0.000440s ]
INFO: [ app_begin ] --END-- [ RunTime:0.002041s ]
SQL: SHOW COLUMNS FROM `jrkj_menu` [ RunTime:0.0008s ]
SQL: SHOW COLUMNS FROM `jrkj_menu` [ RunTime:0.0005s ]
SQL: SELECT * FROM `jrkj_menu` WHERE (  `pid` = 412 ) AND `display` = 1 ORDER BY ordid,dialog desc  [ RunTime:0.0004s ]
SQL: SHOW COLUMNS FROM `jrkj_menu` [ RunTime:0.0006s ]
SQL: SELECT * FROM `jrkj_menu` WHERE (  `pid` = 412 ) AND `display` = 1 ORDER BY ordid,dialog desc  [ RunTime:0.0003s ]
SQL: SELECT * FROM `jrkj_menu` WHERE (  `pid` = 413 ) AND `display` = 1 ORDER BY ordid,dialog desc  [ RunTime:0.0003s ]
SQL: SELECT * FROM `jrkj_menu` WHERE (  `pid` = 492 ) AND `display` = 1 ORDER BY ordid,dialog desc  [ RunTime:0.0003s ]
INFO: [ view_parse ] --START--
INFO: [ template_filter ] --START--
INFO: Run Behavior\ContentReplaceBehavior [ RunTime:0.000042s ]
INFO: [ template_filter ] --END-- [ RunTime:0.000083s ]
INFO: Run Behavior\ParseTemplateBehavior [ RunTime:0.006464s ]
INFO: [ view_parse ] --END-- [ RunTime:0.006504s ]
INFO: [ view_filter ] --START--
INFO: Run Behavior\WriteHtmlCacheBehavior [ RunTime:0.000127s ]
INFO: Run Behavior\TokenBuildBehavior [ RunTime:0.000203s ]
INFO: [ view_filter ] --END-- [ RunTime:0.000387s ]
INFO: [ app_end ] --START--
INFO: Run Behavior\ShowPageTraceBehavior [ RunTime:0.000377s ]
INFO: [ app_end ] --END-- [ RunTime:0.000414s ]

[ 2018-05-21T11:31:41+08:00 ] 182.104.65.231 /jradmin.php?m=admin&c=merchant&a=index&menuid=414
INFO: [ app_init ] --START--
INFO: Run Behavior\BuildLiteBehavior [ RunTime:0.000015s ]
INFO: [ app_init ] --END-- [ RunTime:0.000285s ]

[ 2018-05-21T11:31:41+08:00 ] 182.104.65.231 /jradmin.php?m=admin&c=merchant&a=index&menuid=414
INFO: [ app_init ] --START--
INFO: Run Behavior\BuildLiteBehavior [ RunTime:0.000012s ]
INFO: [ app_init ] --END-- [ RunTime:0.000261s ]

[ 2018-05-21T11:31:42+08:00 ] 182.104.65.231 /jradmin.php?m=admin&c=merchant_cate&a=ajax_getchilds&id=0
INFO: [ app_init ] --START--
INFO: Run Behavior\BuildLiteBehavior [ RunTime:0.000012s ]
INFO: [ app_init ] --END-- [ RunTime:0.000255s ]
INFO: [ app_begin ] --START--
INFO: Run Behavior\ReadHtmlCacheBehavior [ RunTime:0.000368s ]
INFO: Run Common\Behavior\CheckLangBehavior [ RunTime:0.001129s ]
NOTIC: [8] Use of undefined constant GROUP_NAME - assumed 'GROUP_NAME' /home/wwwroot/zhshg.0791jr.com/web/app/Common/Behavior/load_langBehavior.class.php 第 29 行.
INFO: Run Common\Behavior\load_langBehavior [ RunTime:0.000472s ]
INFO: [ app_begin ] --END-- [ RunTime:0.002062s ]
SQL: SHOW COLUMNS FROM `jrkj_merchant_cate` [ RunTime:0.0005s ]
SQL: SELECT `id`,`name` FROM `jrkj_merchant_cate` WHERE `pid` = 0  [ RunTime:0.0003s ]

[ 2018-05-21T11:32:38+08:00 ] 106.6.162.14 /jradmin.php?m=admin&c=member&a=upgrade&m=admin&menuid=474&p=2
INFO: [ app_init ] --START--
INFO: Run Behavior\BuildLiteBehavior [ RunTime:0.000014s ]
INFO: [ app_init ] --END-- [ RunTime:0.000295s ]

[ 2018-05-21T11:32:49+08:00 ] 106.6.162.14 /jradmin.php?m=admin&c=member&a=upgrade&m=admin&menuid=474&p=1
INFO: [ app_init ] --START--
INFO: Run Behavior\BuildLiteBehavior [ RunTime:0.000013s ]
INFO: [ app_init ] --END-- [ RunTime:0.000306s ]

[ 2018-05-21T11:33:45+08:00 ] 106.6.162.14 /jradmin.php?m=admin&c=member&a=upgrade&m=admin&menuid=474&p=2
INFO: [ app_init ] --START--
INFO: Run Behavior\BuildLiteBehavior [ RunTime:0.000011s ]
INFO: [ app_init ] --END-- [ RunTime:0.000263s ]

[ 2018-05-21T11:33:57+08:00 ] 106.6.162.14 /jradmin.php?m=admin&c=member&a=upgrade&m=admin&menuid=474&p=1
INFO: [ app_init ] --START--
INFO: Run Behavior\BuildLiteBehavior [ RunTime:0.000016s ]
INFO: [ app_init ] --END-- [ RunTime:0.000336s ]

[ 2018-05-21T11:34:04+08:00 ] 106.6.162.14 /jradmin.php?m=admin&c=member&a=upgrade&m=admin&menuid=474&p=1
INFO: [ app_init ] --START--
INFO: Run Behavior\BuildLiteBehavior [ RunTime:0.000013s ]
INFO: [ app_init ] --END-- [ RunTime:0.000283s ]

[ 2018-05-21T11:34:42+08:00 ] 106.6.162.14 /jradmin.php?m=admin&c=member&a=upgrade&m=admin&menuid=474&p=2
INFO: [ app_init ] --START--
INFO: Run Behavior\BuildLiteBehavior [ RunTime:0.000012s ]
INFO: [ app_init ] --END-- [ RunTime:0.000254s ]

[ 2018-05-21T11:34:52+08:00 ] 106.6.162.14 /jradmin.php?m=admin&c=member&a=upgrade&m=admin&menuid=474&p=1
INFO: [ app_init ] --START--
INFO: Run Behavior\BuildLiteBehavior [ RunTime:0.000014s ]
INFO: [ app_init ] --END-- [ RunTime:0.000272s ]

[ 2018-05-21T11:36:53+08:00 ] 182.100.1.217 /jradmin.php?m=admin&c=index&a=left
INFO: [ app_init ] --START--
INFO: Run Behavior\BuildLiteBehavior [ RunTime:0.000012s ]
INFO: [ app_init ] --END-- [ RunTime:0.000270s ]
INFO: [ app_begin ] --START--
INFO: Run Behavior\ReadHtmlCacheBehavior [ RunTime:0.000385s ]
INFO: Run Common\Behavior\CheckLangBehavior [ RunTime:0.001238s ]
NOTIC: [8] Use of undefined constant GROUP_NAME - assumed 'GROUP_NAME' /home/wwwroot/zhshg.0791jr.com/web/app/Common/Behavior/load_langBehavior.class.php 第 29 行.
INFO: Run Common\Behavior\load_langBehavior [ RunTime:0.000465s ]
INFO: [ app_begin ] --END-- [ RunTime:0.002184s ]
SQL: SHOW COLUMNS FROM `jrkj_menu` [ RunTime:0.0009s ]
SQL: SHOW COLUMNS FROM `jrkj_menu` [ RunTime:0.0005s ]
SQL: SELECT * FROM `jrkj_menu` WHERE (  `pid` = 412 ) AND `display` = 1 ORDER BY ordid,dialog desc  [ RunTime:0.0004s ]
SQL: SHOW COLUMNS FROM `jrkj_menu` [ RunTime:0.0005s ]
SQL: SELECT * FROM `jrkj_menu` WHERE (  `pid` = 412 ) AND `display` = 1 ORDER BY ordid,dialog desc  [ RunTime:0.0003s ]
SQL: SELECT * FROM `jrkj_menu` WHERE (  `pid` = 413 ) AND `display` = 1 ORDER BY ordid,dialog desc  [ RunTime:0.0004s ]
SQL: SELECT * FROM `jrkj_menu` WHERE (  `pid` = 492 ) AND `display` = 1 ORDER BY ordid,dialog desc  [ RunTime:0.0003s ]
INFO: [ view_parse ] --START--
INFO: [ template_filter ] --START--
INFO: Run Behavior\ContentReplaceBehavior [ RunTime:0.000040s ]
INFO: [ template_filter ] --END-- [ RunTime:0.000080s ]
INFO: Run Behavior\ParseTemplateBehavior [ RunTime:0.006283s ]
INFO: [ view_parse ] --END-- [ RunTime:0.006333s ]
INFO: [ view_filter ] --START--
INFO: Run Behavior\WriteHtmlCacheBehavior [ RunTime:0.000135s ]
INFO: Run Behavior\TokenBuildBehavior [ RunTime:0.000211s ]
INFO: [ view_filter ] --END-- [ RunTime:0.000403s ]
INFO: [ app_end ] --START--
INFO: Run Behavior\ShowPageTraceBehavior [ RunTime:0.000361s ]
INFO: [ app_end ] --END-- [ RunTime:0.000399s ]

[ 2018-05-21T11:36:54+08:00 ] 182.100.1.217 /jradmin.php?m=admin&c=index&a=left
INFO: [ app_init ] --START--
INFO: Run Behavior\BuildLiteBehavior [ RunTime:0.000014s ]
INFO: [ app_init ] --END-- [ RunTime:0.000285s ]
INFO: [ app_begin ] --START--
INFO: Run Behavior\ReadHtmlCacheBehavior [ RunTime:0.000410s ]
INFO: Run Common\Behavior\CheckLangBehavior [ RunTime:0.001156s ]
NOTIC: [8] Use of undefined constant GROUP_NAME - assumed 'GROUP_NAME' /home/wwwroot/zhshg.0791jr.com/web/app/Common/Behavior/load_langBehavior.class.php 第 29 行.
INFO: Run Common\Behavior\load_langBehavior [ RunTime:0.000455s ]
INFO: [ app_begin ] --END-- [ RunTime:0.002118s ]
SQL: SHOW COLUMNS FROM `jrkj_menu` [ RunTime:0.0009s ]
SQL: SHOW COLUMNS FROM `jrkj_menu` [ RunTime:0.0005s ]
SQL: SELECT * FROM `jrkj_menu` WHERE (  `pid` = 456 ) AND `display` = 1 ORDER BY ordid,dialog desc  [ RunTime:0.0004s ]
SQL: SHOW COLUMNS FROM `jrkj_menu` [ RunTime:0.0005s ]
SQL: SELECT * FROM `jrkj_menu` WHERE (  `pid` = 456 ) AND `display` = 1 ORDER BY ordid,dialog desc  [ RunTime:0.0003s ]
SQL: SELECT * FROM `jrkj_menu` WHERE (  `pid` = 457 ) AND `display` = 1 ORDER BY ordid,dialog desc  [ RunTime:0.0004s ]
INFO: [ view_parse ] --START--
INFO: [ template_filter ] --START--
INFO: Run Behavior\ContentReplaceBehavior [ RunTime:0.000044s ]
INFO: [ template_filter ] --END-- [ RunTime:0.000085s ]
INFO: Run Behavior\ParseTemplateBehavior [ RunTime:0.006095s ]
INFO: [ view_parse ] --END-- [ RunTime:0.006133s ]
INFO: [ view_filter ] --START--
INFO: Run Behavior\WriteHtmlCacheBehavior [ RunTime:0.000154s ]
INFO: Run Behavior\TokenBuildBehavior [ RunTime:0.000211s ]
INFO: [ view_filter ] --END-- [ RunTime:0.000423s ]
INFO: [ app_end ] --START--
INFO: Run Behavior\ShowPageTraceBehavior [ RunTime:0.000364s ]
INFO: [ app_end ] --END-- [ RunTime:0.000401s ]

[ 2018-05-21T11:36:54+08:00 ] 182.100.1.217 /jradmin.php?m=admin&c=service&a=add&menuid=460
INFO: [ app_init ] --START--
INFO: Run Behavior\BuildLiteBehavior [ RunTime:0.000012s ]
INFO: [ app_init ] --END-- [ RunTime:0.000263s ]

[ 2018-05-21T11:36:54+08:00 ] 182.100.1.217 /jradmin.php?m=admin&c=service&a=add&menuid=460
INFO: [ app_init ] --START--
INFO: Run Behavior\BuildLiteBehavior [ RunTime:0.000013s ]
INFO: [ app_init ] --END-- [ RunTime:0.000275s ]

[ 2018-05-21T11:36:55+08:00 ] 182.100.1.217 /jradmin.php?m=admin&c=place&a=ajax_getchilds&type=0&id=0
INFO: [ app_init ] --START--
INFO: Run Behavior\BuildLiteBehavior [ RunTime:0.000012s ]
INFO: [ app_init ] --END-- [ RunTime:0.000253s ]
INFO: [ app_begin ] --START--
INFO: Run Behavior\ReadHtmlCacheBehavior [ RunTime:0.000379s ]
INFO: Run Common\Behavior\CheckLangBehavior [ RunTime:0.001148s ]
NOTIC: [8] Use of undefined constant GROUP_NAME - assumed 'GROUP_NAME' /home/wwwroot/zhshg.0791jr.com/web/app/Common/Behavior/load_langBehavior.class.php 第 29 行.
INFO: Run Common\Behavior\load_langBehavior [ RunTime:0.000465s ]
INFO: [ app_begin ] --END-- [ RunTime:0.002088s ]
SQL: SHOW COLUMNS FROM `jrkj_place` [ RunTime:0.0008s ]
SQL: SELECT `id`,`name` FROM `jrkj_place` WHERE `pid` = 0  [ RunTime:0.0003s ]

[ 2018-05-21T11:37:37+08:00 ] 182.100.1.217 /jradmin.php?m=admin&c=service&a=add
INFO: [ app_init ] --START--
INFO: Run Behavior\BuildLiteBehavior [ RunTime:0.000015s ]
INFO: [ app_init ] --END-- [ RunTime:0.000331s ]

[ 2018-05-21T11:37:46+08:00 ] 106.6.162.14 /jradmin.php?m=admin&c=member&a=upgrade&m=admin&menuid=474&p=2
INFO: [ app_init ] --START--
INFO: Run Behavior\BuildLiteBehavior [ RunTime:0.000018s ]
INFO: [ app_init ] --END-- [ RunTime:0.000342s ]

[ 2018-05-21T11:39:13+08:00 ] 106.6.162.14 /jradmin.php?m=admin&c=member&a=upgrade&menuid=474
INFO: [ app_init ] --START--
INFO: Run Behavior\BuildLiteBehavior [ RunTime:0.000012s ]
INFO: [ app_init ] --END-- [ RunTime:0.000258s ]

[ 2018-05-21T11:40:33+08:00 ] 182.100.1.217 /jradmin.php?m=admin&c=service&a=add
INFO: [ app_init ] --START--
INFO: Run Behavior\BuildLiteBehavior [ RunTime:0.000015s ]
INFO: [ app_init ] --END-- [ RunTime:0.000328s ]

[ 2018-05-21T11:41:00+08:00 ] 182.100.1.217 /jradmin.php?m=admin&c=service&a=add&menuid=460
INFO: [ app_init ] --START--
INFO: Run Behavior\BuildLiteBehavior [ RunTime:0.000029s ]
INFO: [ app_init ] --END-- [ RunTime:0.000277s ]

[ 2018-05-21T11:41:01+08:00 ] 182.100.1.217 /jradmin.php?m=admin&c=place&a=ajax_getchilds&type=0&id=0
INFO: [ app_init ] --START--
INFO: Run Behavior\BuildLiteBehavior [ RunTime:0.000012s ]
INFO: [ app_init ] --END-- [ RunTime:0.000253s ]
INFO: [ app_begin ] --START--
INFO: Run Behavior\ReadHtmlCacheBehavior [ RunTime:0.000358s ]
INFO: Run Common\Behavior\CheckLangBehavior [ RunTime:0.001177s ]
NOTIC: [8] Use of undefined constant GROUP_NAME - assumed 'GROUP_NAME' /home/wwwroot/zhshg.0791jr.com/web/app/Common/Behavior/load_langBehavior.class.php 第 29 行.
INFO: Run Common\Behavior\load_langBehavior [ RunTime:0.000453s ]
INFO: [ app_begin ] --END-- [ RunTime:0.002093s ]
SQL: SHOW COLUMNS FROM `jrkj_place` [ RunTime:0.0009s ]
SQL: SELECT `id`,`name` FROM `jrkj_place` WHERE `pid` = 0  [ RunTime:0.0003s ]

[ 2018-05-21T11:41:31+08:00 ] 182.100.1.217 /jradmin.php?m=admin&c=place&a=ajax_getchilds&type=0&id=3208
INFO: [ app_init ] --START--
INFO: Run Behavior\BuildLiteBehavior [ RunTime:0.000015s ]
INFO: [ app_init ] --END-- [ RunTime:0.000307s ]
INFO: [ app_begin ] --START--
INFO: Run Behavior\ReadHtmlCacheBehavior [ RunTime:0.000368s ]
INFO: Run Common\Behavior\CheckLangBehavior [ RunTime:0.001135s ]
NOTIC: [8] Use of undefined constant GROUP_NAME - assumed 'GROUP_NAME' /home/wwwroot/zhshg.0791jr.com/web/app/Common/Behavior/load_langBehavior.class.php 第 29 行.
INFO: Run Common\Behavior\load_langBehavior [ RunTime:0.000481s ]
INFO: [ app_begin ] --END-- [ RunTime:0.002077s ]
SQL: SHOW COLUMNS FROM `jrkj_place` [ RunTime:0.0009s ]
SQL: SELECT `id`,`name` FROM `jrkj_place` WHERE `pid` = 3208  [ RunTime:0.0003s ]

[ 2018-05-21T11:41:57+08:00 ] 182.100.1.217 /jradmin.php?m=admin&c=service&a=add
INFO: [ app_init ] --START--
INFO: Run Behavior\BuildLiteBehavior [ RunTime:0.000014s ]
INFO: [ app_init ] --END-- [ RunTime:0.000298s ]

[ 2018-05-21T11:42:00+08:00 ] 182.100.1.217 /jradmin.php?m=admin&c=place&a=ajax_getchilds&type=0&id=0
INFO: [ app_init ] --START--
INFO: Run Behavior\BuildLiteBehavior [ RunTime:0.000013s ]
INFO: [ app_init ] --END-- [ RunTime:0.000275s ]
INFO: [ app_begin ] --START--
INFO: Run Behavior\ReadHtmlCacheBehavior [ RunTime:0.000431s ]
INFO: Run Common\Behavior\CheckLangBehavior [ RunTime:0.001315s ]
NOTIC: [8] Use of undefined constant GROUP_NAME - assumed 'GROUP_NAME' /home/wwwroot/zhshg.0791jr.com/web/app/Common/Behavior/load_langBehavior.class.php 第 29 行.
INFO: Run Common\Behavior\load_langBehavior [ RunTime:0.000471s ]
INFO: [ app_begin ] --END-- [ RunTime:0.002326s ]
SQL: SHOW COLUMNS FROM `jrkj_place` [ RunTime:0.0009s ]
SQL: SELECT `id`,`name` FROM `jrkj_place` WHERE `pid` = 0  [ RunTime:0.0003s ]

[ 2018-05-21T11:43:54+08:00 ] 182.100.1.217 /jradmin.php?m=admin&c=service&a=add
INFO: [ app_init ] --START--
INFO: Run Behavior\BuildLiteBehavior [ RunTime:0.000018s ]
INFO: [ app_init ] --END-- [ RunTime:0.000290s ]

[ 2018-05-21T11:44:15+08:00 ] 182.100.1.217 /jradmin.php?m=admin&c=service&a=add
INFO: [ app_init ] --START--
INFO: Run Behavior\BuildLiteBehavior [ RunTime:0.000013s ]
INFO: [ app_init ] --END-- [ RunTime:0.000288s ]

[ 2018-05-21T11:44:22+08:00 ] 182.100.1.217 /jradmin.php?m=admin&c=place&a=ajax_getchilds&type=0&id=0
INFO: [ app_init ] --START--
INFO: Run Behavior\BuildLiteBehavior [ RunTime:0.000012s ]
INFO: [ app_init ] --END-- [ RunTime:0.000258s ]
INFO: [ app_begin ] --START--
INFO: Run Behavior\ReadHtmlCacheBehavior [ RunTime:0.000351s ]
INFO: Run Common\Behavior\CheckLangBehavior [ RunTime:0.001115s ]
NOTIC: [8] Use of undefined constant GROUP_NAME - assumed 'GROUP_NAME' /home/wwwroot/zhshg.0791jr.com/web/app/Common/Behavior/load_langBehavior.class.php 第 29 行.
INFO: Run Common\Behavior\load_langBehavior [ RunTime:0.000454s ]
INFO: [ app_begin ] --END-- [ RunTime:0.002013s ]
SQL: SHOW COLUMNS FROM `jrkj_place` [ RunTime:0.0008s ]
SQL: SELECT `id`,`name` FROM `jrkj_place` WHERE `pid` = 0  [ RunTime:0.0003s ]

[ 2018-05-21T11:44:25+08:00 ] 182.100.1.217 /jradmin.php?m=admin&c=place&a=ajax_getchilds&type=0&id=3208
INFO: [ app_init ] --START--
INFO: Run Behavior\BuildLiteBehavior [ RunTime:0.000024s ]
INFO: [ app_init ] --END-- [ RunTime:0.000565s ]
INFO: [ app_begin ] --START--
INFO: Run Behavior\ReadHtmlCacheBehavior [ RunTime:0.000398s ]
INFO: Run Common\Behavior\CheckLangBehavior [ RunTime:0.001242s ]
NOTIC: [8] Use of undefined constant GROUP_NAME - assumed 'GROUP_NAME' /home/wwwroot/zhshg.0791jr.com/web/app/Common/Behavior/load_langBehavior.class.php 第 29 行.
INFO: Run Common\Behavior\load_langBehavior [ RunTime:0.000481s ]
INFO: [ app_begin ] --END-- [ RunTime:0.002232s ]
SQL: SHOW COLUMNS FROM `jrkj_place` [ RunTime:0.0010s ]
SQL: SELECT `id`,`name` FROM `jrkj_place` WHERE `pid` = 3208  [ RunTime:0.0003s ]

[ 2018-05-21T11:44:30+08:00 ] 182.100.1.217 /jradmin.php?m=admin&c=service&a=add
INFO: [ app_init ] --START--
INFO: Run Behavior\BuildLiteBehavior [ RunTime:0.000014s ]
INFO: [ app_init ] --END-- [ RunTime:0.000273s ]

[ 2018-05-21T11:44:31+08:00 ] 182.100.1.217 /jradmin.php?m=admin&c=service&a=add&menuid=460
INFO: [ app_init ] --START--
INFO: Run Behavior\BuildLiteBehavior [ RunTime:0.000012s ]
INFO: [ app_init ] --END-- [ RunTime:0.000262s ]

[ 2018-05-21T11:44:31+08:00 ] 182.100.1.217 /jradmin.php?m=admin&c=place&a=ajax_getchilds&type=0&id=0
INFO: [ app_init ] --START--
INFO: Run Behavior\BuildLiteBehavior [ RunTime:0.000011s ]
INFO: [ app_init ] --END-- [ RunTime:0.000265s ]
INFO: [ app_begin ] --START--
INFO: Run Behavior\ReadHtmlCacheBehavior [ RunTime:0.000387s ]
INFO: Run Common\Behavior\CheckLangBehavior [ RunTime:0.001185s ]
NOTIC: [8] Use of undefined constant GROUP_NAME - assumed 'GROUP_NAME' /home/wwwroot/zhshg.0791jr.com/web/app/Common/Behavior/load_langBehavior.class.php 第 29 行.
INFO: Run Common\Behavior\load_langBehavior [ RunTime:0.000473s ]
INFO: [ app_begin ] --END-- [ RunTime:0.002139s ]
SQL: SHOW COLUMNS FROM `jrkj_place` [ RunTime:0.0007s ]
SQL: SELECT `id`,`name` FROM `jrkj_place` WHERE `pid` = 0  [ RunTime:0.0003s ]

[ 2018-05-21T11:44:33+08:00 ] 182.100.1.217 /jradmin.php?m=admin&c=service&a=index&menuid=459
INFO: [ app_init ] --START--
INFO: Run Behavior\BuildLiteBehavior [ RunTime:0.000012s ]
INFO: [ app_init ] --END-- [ RunTime:0.000321s ]

[ 2018-05-21T11:44:33+08:00 ] 182.100.1.217 /jradmin.php?m=admin&c=service&a=index&menuid=459
INFO: [ app_init ] --START--
INFO: Run Behavior\BuildLiteBehavior [ RunTime:0.000011s ]
INFO: [ app_init ] --END-- [ RunTime:0.000259s ]

[ 2018-05-21T11:44:33+08:00 ] 182.100.1.217 /jradmin.php?m=admin&c=place&a=ajax_getchilds&type=0&id=0
INFO: [ app_init ] --START--
INFO: Run Behavior\BuildLiteBehavior [ RunTime:0.000014s ]
INFO: [ app_init ] --END-- [ RunTime:0.000297s ]
INFO: [ app_begin ] --START--
INFO: Run Behavior\ReadHtmlCacheBehavior [ RunTime:0.000373s ]
INFO: Run Common\Behavior\CheckLangBehavior [ RunTime:0.001153s ]
NOTIC: [8] Use of undefined constant GROUP_NAME - assumed 'GROUP_NAME' /home/wwwroot/zhshg.0791jr.com/web/app/Common/Behavior/load_langBehavior.class.php 第 29 行.
INFO: Run Common\Behavior\load_langBehavior [ RunTime:0.000468s ]
INFO: [ app_begin ] --END-- [ RunTime:0.002113s ]
SQL: SHOW COLUMNS FROM `jrkj_place` [ RunTime:0.0009s ]
SQL: SELECT `id`,`name` FROM `jrkj_place` WHERE `pid` = 0  [ RunTime:0.0003s ]

[ 2018-05-21T11:44:35+08:00 ] 182.100.1.217 /jradmin.php?m=admin&c=service&a=edit&id=70&menuid=459
INFO: [ app_init ] --START--
INFO: Run Behavior\BuildLiteBehavior [ RunTime:0.000012s ]
INFO: [ app_init ] --END-- [ RunTime:0.000261s ]

[ 2018-05-21T11:44:35+08:00 ] 182.100.1.217 /jradmin.php?m=admin&c=place&a=ajax_getchilds&type=0&id=0
INFO: [ app_init ] --START--
INFO: Run Behavior\BuildLiteBehavior [ RunTime:0.000015s ]
INFO: [ app_init ] --END-- [ RunTime:0.000309s ]
INFO: [ app_begin ] --START--
INFO: Run Behavior\ReadHtmlCacheBehavior [ RunTime:0.000379s ]
INFO: Run Common\Behavior\CheckLangBehavior [ RunTime:0.001162s ]
NOTIC: [8] Use of undefined constant GROUP_NAME - assumed 'GROUP_NAME' /home/wwwroot/zhshg.0791jr.com/web/app/Common/Behavior/load_langBehavior.class.php 第 29 行.
INFO: Run Common\Behavior\load_langBehavior [ RunTime:0.000528s ]
INFO: [ app_begin ] --END-- [ RunTime:0.002174s ]
SQL: SHOW COLUMNS FROM `jrkj_place` [ RunTime:0.0009s ]
SQL: SELECT `id`,`name` FROM `jrkj_place` WHERE `pid` = 0  [ RunTime:0.0003s ]

[ 2018-05-21T11:44:35+08:00 ] 182.100.1.217 /jradmin.php?m=admin&c=place&a=ajax_getchilds&type=0&id=3208
INFO: [ app_init ] --START--
INFO: Run Behavior\BuildLiteBehavior [ RunTime:0.000013s ]
INFO: [ app_init ] --END-- [ RunTime:0.000264s ]
INFO: [ app_begin ] --START--
INFO: Run Behavior\ReadHtmlCacheBehavior [ RunTime:0.000362s ]
INFO: Run Common\Behavior\CheckLangBehavior [ RunTime:0.001127s ]
NOTIC: [8] Use of undefined constant GROUP_NAME - assumed 'GROUP_NAME' /home/wwwroot/zhshg.0791jr.com/web/app/Common/Behavior/load_langBehavior.class.php 第 29 行.
INFO: Run Common\Behavior\load_langBehavior [ RunTime:0.000464s ]
INFO: [ app_begin ] --END-- [ RunTime:0.002045s ]
SQL: SHOW COLUMNS FROM `jrkj_place` [ RunTime:0.0009s ]
SQL: SELECT `id`,`name` FROM `jrkj_place` WHERE `pid` = 3208  [ RunTime:0.0004s ]

[ 2018-05-21T11:46:01+08:00 ] 182.100.1.217 /jradmin.php?m=admin&c=service&a=index&menuid=459
INFO: [ app_init ] --START--
INFO: Run Behavior\BuildLiteBehavior [ RunTime:0.000013s ]
INFO: [ app_init ] --END-- [ RunTime:0.000270s ]

[ 2018-05-21T11:46:01+08:00 ] 182.100.1.217 /jradmin.php?m=admin&c=place&a=ajax_getchilds&type=0&id=0
INFO: [ app_init ] --START--
INFO: Run Behavior\BuildLiteBehavior [ RunTime:0.000012s ]
INFO: [ app_init ] --END-- [ RunTime:0.000265s ]
INFO: [ app_begin ] --START--
INFO: Run Behavior\ReadHtmlCacheBehavior [ RunTime:0.000389s ]
INFO: Run Common\Behavior\CheckLangBehavior [ RunTime:0.001142s ]
NOTIC: [8] Use of undefined constant GROUP_NAME - assumed 'GROUP_NAME' /home/wwwroot/zhshg.0791jr.com/web/app/Common/Behavior/load_langBehavior.class.php 第 29 行.
INFO: Run Common\Behavior\load_langBehavior [ RunTime:0.000455s ]
INFO: [ app_begin ] --END-- [ RunTime:0.002083s ]
SQL: SHOW COLUMNS FROM `jrkj_place` [ RunTime:0.0007s ]
SQL: SELECT `id`,`name` FROM `jrkj_place` WHERE `pid` = 0  [ RunTime:0.0003s ]

[ 2018-05-21T11:46:06+08:00 ] 182.100.1.217 /jradmin.php?m=admin&c=service&a=index&menuid=459&cate_id=0&time_start=&time_end=&keyword=181465708508%09%E6%B5%B7%E5%8D%97%E7%9C%81&search=%E6%90%9C%E7%B4%A2
INFO: [ app_init ] --START--
INFO: Run Behavior\BuildLiteBehavior [ RunTime:0.000012s ]
INFO: [ app_init ] --END-- [ RunTime:0.000265s ]

[ 2018-05-21T11:46:06+08:00 ] 182.100.1.217 /jradmin.php?m=admin&c=place&a=ajax_getchilds&type=0&id=0
INFO: [ app_init ] --START--
INFO: Run Behavior\BuildLiteBehavior [ RunTime:0.000013s ]
INFO: [ app_init ] --END-- [ RunTime:0.000284s ]
INFO: [ app_begin ] --START--
INFO: Run Behavior\ReadHtmlCacheBehavior [ RunTime:0.000390s ]
INFO: Run Common\Behavior\CheckLangBehavior [ RunTime:0.001203s ]
NOTIC: [8] Use of undefined constant GROUP_NAME - assumed 'GROUP_NAME' /home/wwwroot/zhshg.0791jr.com/web/app/Common/Behavior/load_langBehavior.class.php 第 29 行.
INFO: Run Common\Behavior\load_langBehavior [ RunTime:0.000578s ]
INFO: [ app_begin ] --END-- [ RunTime:0.002276s ]
SQL: SHOW COLUMNS FROM `jrkj_place` [ RunTime:0.0009s ]
SQL: SELECT `id`,`name` FROM `jrkj_place` WHERE `pid` = 0  [ RunTime:0.0003s ]

[ 2018-05-21T11:46:08+08:00 ] 182.100.1.217 /jradmin.php?m=admin&c=service&a=index&menuid=459
INFO: [ app_init ] --START--
INFO: Run Behavior\BuildLiteBehavior [ RunTime:0.000013s ]
INFO: [ app_init ] --END-- [ RunTime:0.000272s ]

[ 2018-05-21T11:46:08+08:00 ] 182.100.1.217 /jradmin.php?m=admin&c=place&a=ajax_getchilds&type=0&id=0
INFO: [ app_init ] --START--
INFO: Run Behavior\BuildLiteBehavior [ RunTime:0.000013s ]
INFO: [ app_init ] --END-- [ RunTime:0.000271s ]
INFO: [ app_begin ] --START--
INFO: Run Behavior\ReadHtmlCacheBehavior [ RunTime:0.000359s ]
INFO: Run Common\Behavior\CheckLangBehavior [ RunTime:0.001120s ]
NOTIC: [8] Use of undefined constant GROUP_NAME - assumed 'GROUP_NAME' /home/wwwroot/zhshg.0791jr.com/web/app/Common/Behavior/load_langBehavior.class.php 第 29 行.
INFO: Run Common\Behavior\load_langBehavior [ RunTime:0.000466s ]
INFO: [ app_begin ] --END-- [ RunTime:0.002039s ]
SQL: SHOW COLUMNS FROM `jrkj_place` [ RunTime:0.0009s ]
SQL: SELECT `id`,`name` FROM `jrkj_place` WHERE `pid` = 0  [ RunTime:0.0003s ]

[ 2018-05-21T11:46:10+08:00 ] 182.100.1.217 /jradmin.php?m=admin&c=service&a=index&menuid=459&cate_id=0&time_start=&time_end=&keyword=18146&search=%E6%90%9C%E7%B4%A2
INFO: [ app_init ] --START--
INFO: Run Behavior\BuildLiteBehavior [ RunTime:0.000011s ]
INFO: [ app_init ] --END-- [ RunTime:0.000258s ]

[ 2018-05-21T11:46:11+08:00 ] 182.100.1.217 /jradmin.php?m=admin&c=place&a=ajax_getchilds&type=0&id=0
INFO: [ app_init ] --START--
INFO: Run Behavior\BuildLiteBehavior [ RunTime:0.000012s ]
INFO: [ app_init ] --END-- [ RunTime:0.000259s ]
INFO: [ app_begin ] --START--
INFO: Run Behavior\ReadHtmlCacheBehavior [ RunTime:0.000366s ]
INFO: Run Common\Behavior\CheckLangBehavior [ RunTime:0.001182s ]
NOTIC: [8] Use of undefined constant GROUP_NAME - assumed 'GROUP_NAME' /home/wwwroot/zhshg.0791jr.com/web/app/Common/Behavior/load_langBehavior.class.php 第 29 行.
INFO: Run Common\Behavior\load_langBehavior [ RunTime:0.000475s ]
INFO: [ app_begin ] --END-- [ RunTime:0.002145s ]
SQL: SHOW COLUMNS FROM `jrkj_place` [ RunTime:0.0008s ]
SQL: SELECT `id`,`name` FROM `jrkj_place` WHERE `pid` = 0  [ RunTime:0.0003s ]

[ 2018-05-21T11:46:12+08:00 ] 182.100.1.217 /jradmin.php?m=admin&c=service&a=index&menuid=459
INFO: [ app_init ] --START--
INFO: Run Behavior\BuildLiteBehavior [ RunTime:0.000018s ]
INFO: [ app_init ] --END-- [ RunTime:0.000299s ]

[ 2018-05-21T11:46:13+08:00 ] 182.100.1.217 /jradmin.php?m=admin&c=place&a=ajax_getchilds&type=0&id=0
INFO: [ app_init ] --START--
INFO: Run Behavior\BuildLiteBehavior [ RunTime:0.000014s ]
INFO: [ app_init ] --END-- [ RunTime:0.000278s ]
INFO: [ app_begin ] --START--
INFO: Run Behavior\ReadHtmlCacheBehavior [ RunTime:0.000380s ]
INFO: Run Common\Behavior\CheckLangBehavior [ RunTime:0.001159s ]
NOTIC: [8] Use of undefined constant GROUP_NAME - assumed 'GROUP_NAME' /home/wwwroot/zhshg.0791jr.com/web/app/Common/Behavior/load_langBehavior.class.php 第 29 行.
INFO: Run Common\Behavior\load_langBehavior [ RunTime:0.000481s ]
INFO: [ app_begin ] --END-- [ RunTime:0.002120s ]
SQL: SHOW COLUMNS FROM `jrkj_place` [ RunTime:0.0009s ]
SQL: SELECT `id`,`name` FROM `jrkj_place` WHERE `pid` = 0  [ RunTime:0.0003s ]

[ 2018-05-21T11:48:47+08:00 ] 182.100.1.217 /jradmin.php?m=admin&c=service&a=add&menuid=460
INFO: [ app_init ] --START--
INFO: Run Behavior\BuildLiteBehavior [ RunTime:0.000013s ]
INFO: [ app_init ] --END-- [ RunTime:0.000256s ]

[ 2018-05-21T11:48:47+08:00 ] 182.100.1.217 /jradmin.php?m=admin&c=place&a=ajax_getchilds&type=0&id=0
INFO: [ app_init ] --START--
INFO: Run Behavior\BuildLiteBehavior [ RunTime:0.000014s ]
INFO: [ app_init ] --END-- [ RunTime:0.000301s ]
INFO: [ app_begin ] --START--
INFO: Run Behavior\ReadHtmlCacheBehavior [ RunTime:0.000376s ]
INFO: Run Common\Behavior\CheckLangBehavior [ RunTime:0.001173s ]
NOTIC: [8] Use of undefined constant GROUP_NAME - assumed 'GROUP_NAME' /home/wwwroot/zhshg.0791jr.com/web/app/Common/Behavior/load_langBehavior.class.php 第 29 行.
INFO: Run Common\Behavior\load_langBehavior [ RunTime:0.000479s ]
INFO: [ app_begin ] --END-- [ RunTime:0.002120s ]
SQL: SHOW COLUMNS FROM `jrkj_place` [ RunTime:0.0009s ]
SQL: SELECT `id`,`name` FROM `jrkj_place` WHERE `pid` = 0  [ RunTime:0.0003s ]

[ 2018-05-21T11:48:49+08:00 ] 182.100.1.217 /jradmin.php?m=admin&c=qd_rule&a=index&menuid=522
INFO: [ app_init ] --START--
INFO: Run Behavior\BuildLiteBehavior [ RunTime:0.000013s ]
INFO: [ app_init ] --END-- [ RunTime:0.000296s ]

[ 2018-05-21T11:48:49+08:00 ] 182.100.1.217 /jradmin.php?m=admin&c=qd_rule&a=index&menuid=522
INFO: [ app_init ] --START--
INFO: Run Behavior\BuildLiteBehavior [ RunTime:0.000013s ]
INFO: [ app_init ] --END-- [ RunTime:0.000261s ]

[ 2018-05-21T11:48:49+08:00 ] 182.100.1.217 /jradmin.php?m=admin&c=index&a=left
INFO: [ app_init ] --START--
INFO: Run Behavior\BuildLiteBehavior [ RunTime:0.000012s ]
INFO: [ app_init ] --END-- [ RunTime:0.000257s ]
INFO: [ app_begin ] --START--
INFO: Run Behavior\ReadHtmlCacheBehavior [ RunTime:0.000679s ]
INFO: Run Common\Behavior\CheckLangBehavior [ RunTime:0.001129s ]
NOTIC: [8] Use of undefined constant GROUP_NAME - assumed 'GROUP_NAME' /home/wwwroot/zhshg.0791jr.com/web/app/Common/Behavior/load_langBehavior.class.php 第 29 行.
INFO: Run Common\Behavior\load_langBehavior [ RunTime:0.000482s ]
INFO: [ app_begin ] --END-- [ RunTime:0.002399s ]
SQL: SHOW COLUMNS FROM `jrkj_menu` [ RunTime:0.0008s ]
SQL: SHOW COLUMNS FROM `jrkj_menu` [ RunTime:0.0005s ]
SQL: SELECT * FROM `jrkj_menu` WHERE (  `pid` = 70 ) AND `display` = 1 ORDER BY ordid,dialog desc  [ RunTime:0.0004s ]
SQL: SHOW COLUMNS FROM `jrkj_menu` [ RunTime:0.0005s ]
SQL: SELECT * FROM `jrkj_menu` WHERE (  `pid` = 70 ) AND `display` = 1 ORDER BY ordid,dialog desc  [ RunTime:0.0003s ]
SQL: SELECT * FROM `jrkj_menu` WHERE (  `pid` = 117 ) AND `display` = 1 ORDER BY ordid,dialog desc  [ RunTime:0.0003s ]
INFO: [ view_parse ] --START--
INFO: [ template_filter ] --START--
INFO: Run Behavior\ContentReplaceBehavior [ RunTime:0.000046s ]
INFO: [ template_filter ] --END-- [ RunTime:0.000096s ]
INFO: Run Behavior\ParseTemplateBehavior [ RunTime:0.006615s ]
INFO: [ view_parse ] --END-- [ RunTime:0.006655s ]
INFO: [ view_filter ] --START--
INFO: Run Behavior\WriteHtmlCacheBehavior [ RunTime:0.000122s ]
INFO: Run Behavior\TokenBuildBehavior [ RunTime:0.000230s ]
INFO: [ view_filter ] --END-- [ RunTime:0.000412s ]
INFO: [ app_end ] --START--
INFO: Run Behavior\ShowPageTraceBehavior [ RunTime:0.000418s ]
INFO: [ app_end ] --END-- [ RunTime:0.000457s ]

[ 2018-05-21T11:48:50+08:00 ] 182.100.1.217 /jradmin.php?m=admin&c=member&a=index&menuid=149
INFO: [ app_init ] --START--
INFO: Run Behavior\BuildLiteBehavior [ RunTime:0.000013s ]
INFO: [ app_init ] --END-- [ RunTime:0.000309s ]

[ 2018-05-21T11:48:55+08:00 ] 182.100.1.217 /jradmin.php?m=admin&c=index&a=left
INFO: [ app_init ] --START--
INFO: Run Behavior\BuildLiteBehavior [ RunTime:0.000012s ]
INFO: [ app_init ] --END-- [ RunTime:0.000248s ]
INFO: [ app_begin ] --START--
INFO: Run Behavior\ReadHtmlCacheBehavior [ RunTime:0.000369s ]
INFO: Run Common\Behavior\CheckLangBehavior [ RunTime:0.001121s ]
NOTIC: [8] Use of undefined constant GROUP_NAME - assumed 'GROUP_NAME' /home/wwwroot/zhshg.0791jr.com/web/app/Common/Behavior/load_langBehavior.class.php 第 29 行.
INFO: Run Common\Behavior\load_langBehavior [ RunTime:0.000434s ]
INFO: [ app_begin ] --END-- [ RunTime:0.002018s ]
SQL: SHOW COLUMNS FROM `jrkj_menu` [ RunTime:0.0006s ]
SQL: SHOW COLUMNS FROM `jrkj_menu` [ RunTime:0.0005s ]
SQL: SELECT * FROM `jrkj_menu` WHERE (  `pid` = 412 ) AND `display` = 1 ORDER BY ordid,dialog desc  [ RunTime:0.0004s ]
SQL: SHOW COLUMNS FROM `jrkj_menu` [ RunTime:0.0005s ]
SQL: SELECT * FROM `jrkj_menu` WHERE (  `pid` = 412 ) AND `display` = 1 ORDER BY ordid,dialog desc  [ RunTime:0.0003s ]
SQL: SELECT * FROM `jrkj_menu` WHERE (  `pid` = 413 ) AND `display` = 1 ORDER BY ordid,dialog desc  [ RunTime:0.0003s ]
SQL: SELECT * FROM `jrkj_menu` WHERE (  `pid` = 492 ) AND `display` = 1 ORDER BY ordid,dialog desc  [ RunTime:0.0003s ]
INFO: [ view_parse ] --START--
INFO: [ template_filter ] --START--
INFO: Run Behavior\ContentReplaceBehavior [ RunTime:0.000044s ]
INFO: [ template_filter ] --END-- [ RunTime:0.000083s ]
INFO: Run Behavior\ParseTemplateBehavior [ RunTime:0.006308s ]
INFO: [ view_parse ] --END-- [ RunTime:0.006346s ]
INFO: [ view_filter ] --START--
INFO: Run Behavior\WriteHtmlCacheBehavior [ RunTime:0.000117s ]
INFO: Run Behavior\TokenBuildBehavior [ RunTime:0.000219s ]
INFO: [ view_filter ] --END-- [ RunTime:0.000392s ]
INFO: [ app_end ] --START--
INFO: Run Behavior\ShowPageTraceBehavior [ RunTime:0.000362s ]
INFO: [ app_end ] --END-- [ RunTime:0.000399s ]

[ 2018-05-21T11:48:56+08:00 ] 182.100.1.217 /jradmin.php?m=admin&c=merchant&a=index&menuid=414
INFO: [ app_init ] --START--
INFO: Run Behavior\BuildLiteBehavior [ RunTime:0.000012s ]
INFO: [ app_init ] --END-- [ RunTime:0.000267s ]

[ 2018-05-21T11:48:56+08:00 ] 182.100.1.217 /jradmin.php?m=admin&c=merchant_cate&a=ajax_getchilds&id=0
INFO: [ app_init ] --START--
INFO: Run Behavior\BuildLiteBehavior [ RunTime:0.000014s ]
INFO: [ app_init ] --END-- [ RunTime:0.000275s ]
INFO: [ app_begin ] --START--
INFO: Run Behavior\ReadHtmlCacheBehavior [ RunTime:0.000363s ]
INFO: Run Common\Behavior\CheckLangBehavior [ RunTime:0.001135s ]
NOTIC: [8] Use of undefined constant GROUP_NAME - assumed 'GROUP_NAME' /home/wwwroot/zhshg.0791jr.com/web/app/Common/Behavior/load_langBehavior.class.php 第 29 行.
INFO: Run Common\Behavior\load_langBehavior [ RunTime:0.000476s ]
INFO: [ app_begin ] --END-- [ RunTime:0.002068s ]
SQL: SHOW COLUMNS FROM `jrkj_merchant_cate` [ RunTime:0.0007s ]
SQL: SELECT `id`,`name` FROM `jrkj_merchant_cate` WHERE `pid` = 0  [ RunTime:0.0002s ]

[ 2018-05-21T11:48:58+08:00 ] 182.100.1.217 /jradmin.php?m=admin&c=index&a=left
INFO: [ app_init ] --START--
INFO: Run Behavior\BuildLiteBehavior [ RunTime:0.000014s ]
INFO: [ app_init ] --END-- [ RunTime:0.000269s ]
INFO: [ app_begin ] --START--
INFO: Run Behavior\ReadHtmlCacheBehavior [ RunTime:0.000354s ]
INFO: Run Common\Behavior\CheckLangBehavior [ RunTime:0.001199s ]
NOTIC: [8] Use of undefined constant GROUP_NAME - assumed 'GROUP_NAME' /home/wwwroot/zhshg.0791jr.com/web/app/Common/Behavior/load_langBehavior.class.php 第 29 行.
INFO: Run Common\Behavior\load_langBehavior [ RunTime:0.000460s ]
INFO: [ app_begin ] --END-- [ RunTime:0.002109s ]
SQL: SHOW COLUMNS FROM `jrkj_menu` [ RunTime:0.0008s ]
SQL: SHOW COLUMNS FROM `jrkj_menu` [ RunTime:0.0005s ]
SQL: SELECT * FROM `jrkj_menu` WHERE (  `pid` = 456 ) AND `display` = 1 ORDER BY ordid,dialog desc  [ RunTime:0.0004s ]
SQL: SHOW COLUMNS FROM `jrkj_menu` [ RunTime:0.0005s ]
SQL: SELECT * FROM `jrkj_menu` WHERE (  `pid` = 456 ) AND `display` = 1 ORDER BY ordid,dialog desc  [ RunTime:0.0003s ]
SQL: SELECT * FROM `jrkj_menu` WHERE (  `pid` = 457 ) AND `display` = 1 ORDER BY ordid,dialog desc  [ RunTime:0.0003s ]
INFO: [ view_parse ] --START--
INFO: [ template_filter ] --START--
INFO: Run Behavior\ContentReplaceBehavior [ RunTime:0.000060s ]
INFO: [ template_filter ] --END-- [ RunTime:0.000103s ]
INFO: Run Behavior\ParseTemplateBehavior [ RunTime:0.006069s ]
INFO: [ view_parse ] --END-- [ RunTime:0.006107s ]
INFO: [ view_filter ] --START--
INFO: Run Behavior\WriteHtmlCacheBehavior [ RunTime:0.000143s ]
INFO: Run Behavior\TokenBuildBehavior [ RunTime:0.000205s ]
INFO: [ view_filter ] --END-- [ RunTime:0.000407s ]
INFO: [ app_end ] --START--
INFO: Run Behavior\ShowPageTraceBehavior [ RunTime:0.000360s ]
INFO: [ app_end ] --END-- [ RunTime:0.000398s ]

[ 2018-05-21T11:48:58+08:00 ] 182.100.1.217 /jradmin.php?m=admin&c=service&a=index&menuid=459
INFO: [ app_init ] --START--
INFO: Run Behavior\BuildLiteBehavior [ RunTime:0.000014s ]
INFO: [ app_init ] --END-- [ RunTime:0.000273s ]

[ 2018-05-21T11:48:58+08:00 ] 182.100.1.217 /jradmin.php?m=admin&c=place&a=ajax_getchilds&type=0&id=0
INFO: [ app_init ] --START--
INFO: Run Behavior\BuildLiteBehavior [ RunTime:0.000015s ]
INFO: [ app_init ] --END-- [ RunTime:0.000296s ]
INFO: [ app_begin ] --START--
INFO: Run Behavior\ReadHtmlCacheBehavior [ RunTime:0.000362s ]
INFO: Run Common\Behavior\CheckLangBehavior [ RunTime:0.001119s ]
NOTIC: [8] Use of undefined constant GROUP_NAME - assumed 'GROUP_NAME' /home/wwwroot/zhshg.0791jr.com/web/app/Common/Behavior/load_langBehavior.class.php 第 29 行.
INFO: Run Common\Behavior\load_langBehavior [ RunTime:0.000460s ]
INFO: [ app_begin ] --END-- [ RunTime:0.002035s ]
SQL: SHOW COLUMNS FROM `jrkj_place` [ RunTime:0.0008s ]
SQL: SELECT `id`,`name` FROM `jrkj_place` WHERE `pid` = 0  [ RunTime:0.0003s ]

[ 2018-05-21T11:49:13+08:00 ] 182.100.1.217 /jradmin.php?m=admin&c=qd_rule&a=index&menuid=522
INFO: [ app_init ] --START--
INFO: Run Behavior\BuildLiteBehavior [ RunTime:0.000013s ]
INFO: [ app_init ] --END-- [ RunTime:0.000329s ]

[ 2018-05-21T11:49:14+08:00 ] 182.100.1.217 /jradmin.php?m=admin&c=service&a=index&menuid=459
INFO: [ app_init ] --START--
INFO: Run Behavior\BuildLiteBehavior [ RunTime:0.000020s ]
INFO: [ app_init ] --END-- [ RunTime:0.000379s ]

[ 2018-05-21T11:49:14+08:00 ] 182.100.1.217 /jradmin.php?m=admin&c=place&a=ajax_getchilds&type=0&id=0
INFO: [ app_init ] --START--
INFO: Run Behavior\BuildLiteBehavior [ RunTime:0.000013s ]
INFO: [ app_init ] --END-- [ RunTime:0.000290s ]
INFO: [ app_begin ] --START--
INFO: Run Behavior\ReadHtmlCacheBehavior [ RunTime:0.000354s ]
INFO: Run Common\Behavior\CheckLangBehavior [ RunTime:0.001370s ]
NOTIC: [8] Use of undefined constant GROUP_NAME - assumed 'GROUP_NAME' /home/wwwroot/zhshg.0791jr.com/web/app/Common/Behavior/load_langBehavior.class.php 第 29 行.
INFO: Run Common\Behavior\load_langBehavior [ RunTime:0.000620s ]
INFO: [ app_begin ] --END-- [ RunTime:0.002466s ]
SQL: SHOW COLUMNS FROM `jrkj_place` [ RunTime:0.0009s ]
SQL: SELECT `id`,`name` FROM `jrkj_place` WHERE `pid` = 0  [ RunTime:0.0004s ]

[ 2018-05-21T11:49:18+08:00 ] 182.100.1.217 /jradmin.php?m=admin&c=index&a=left
INFO: [ app_init ] --START--
INFO: Run Behavior\BuildLiteBehavior [ RunTime:0.000013s ]
INFO: [ app_init ] --END-- [ RunTime:0.000267s ]
INFO: [ app_begin ] --START--
INFO: Run Behavior\ReadHtmlCacheBehavior [ RunTime:0.000387s ]
INFO: Run Common\Behavior\CheckLangBehavior [ RunTime:0.001140s ]
NOTIC: [8] Use of undefined constant GROUP_NAME - assumed 'GROUP_NAME' /home/wwwroot/zhshg.0791jr.com/web/app/Common/Behavior/load_langBehavior.class.php 第 29 行.
INFO: Run Common\Behavior\load_langBehavior [ RunTime:0.000441s ]
INFO: [ app_begin ] --END-- [ RunTime:0.002064s ]
SQL: SHOW COLUMNS FROM `jrkj_menu` [ RunTime:0.0008s ]
SQL: SHOW COLUMNS FROM `jrkj_menu` [ RunTime:0.0005s ]
SQL: SELECT * FROM `jrkj_menu` WHERE (  `pid` = 412 ) AND `display` = 1 ORDER BY ordid,dialog desc  [ RunTime:0.0004s ]
SQL: SHOW COLUMNS FROM `jrkj_menu` [ RunTime:0.0005s ]
SQL: SELECT * FROM `jrkj_menu` WHERE (  `pid` = 412 ) AND `display` = 1 ORDER BY ordid,dialog desc  [ RunTime:0.0003s ]
SQL: SELECT * FROM `jrkj_menu` WHERE (  `pid` = 413 ) AND `display` = 1 ORDER BY ordid,dialog desc  [ RunTime:0.0003s ]
SQL: SELECT * FROM `jrkj_menu` WHERE (  `pid` = 492 ) AND `display` = 1 ORDER BY ordid,dialog desc  [ RunTime:0.0003s ]
INFO: [ view_parse ] --START--
INFO: [ template_filter ] --START--
INFO: Run Behavior\ContentReplaceBehavior [ RunTime:0.000040s ]
INFO: [ template_filter ] --END-- [ RunTime:0.000079s ]
INFO: Run Behavior\ParseTemplateBehavior [ RunTime:0.006126s ]
INFO: [ view_parse ] --END-- [ RunTime:0.006165s ]
INFO: [ view_filter ] --START--
INFO: Run Behavior\WriteHtmlCacheBehavior [ RunTime:0.000142s ]
INFO: Run Behavior\TokenBuildBehavior [ RunTime:0.000206s ]
INFO: [ view_filter ] --END-- [ RunTime:0.000406s ]
INFO: [ app_end ] --START--
INFO: Run Behavior\ShowPageTraceBehavior [ RunTime:0.000350s ]
INFO: [ app_end ] --END-- [ RunTime:0.000387s ]

[ 2018-05-21T11:49:19+08:00 ] 182.100.1.217 /jradmin.php?m=admin&c=merchant&a=index&menuid=414
INFO: [ app_init ] --START--
INFO: Run Behavior\BuildLiteBehavior [ RunTime:0.000013s ]
INFO: [ app_init ] --END-- [ RunTime:0.000264s ]

[ 2018-05-21T11:49:19+08:00 ] 182.100.1.217 /jradmin.php?m=admin&c=merchant_cate&a=ajax_getchilds&id=0
INFO: [ app_init ] --START--
INFO: Run Behavior\BuildLiteBehavior [ RunTime:0.000013s ]
INFO: [ app_init ] --END-- [ RunTime:0.000292s ]
INFO: [ app_begin ] --START--
INFO: Run Behavior\ReadHtmlCacheBehavior [ RunTime:0.000413s ]
INFO: Run Common\Behavior\CheckLangBehavior [ RunTime:0.001181s ]
NOTIC: [8] Use of undefined constant GROUP_NAME - assumed 'GROUP_NAME' /home/wwwroot/zhshg.0791jr.com/web/app/Common/Behavior/load_langBehavior.class.php 第 29 行.
INFO: Run Common\Behavior\load_langBehavior [ RunTime:0.000510s ]
INFO: [ app_begin ] --END-- [ RunTime:0.002208s ]
SQL: SHOW COLUMNS FROM `jrkj_merchant_cate` [ RunTime:0.0007s ]
SQL: SELECT `id`,`name` FROM `jrkj_merchant_cate` WHERE `pid` = 0  [ RunTime:0.0003s ]

[ 2018-05-21T11:49:20+08:00 ] 182.100.1.217 /jradmin.php?m=admin&c=Merchant&a=export&menuid=414&time_start=&time_end=&cate_id=0&zftype=0&keywords=
INFO: [ app_init ] --START--
INFO: Run Behavior\BuildLiteBehavior [ RunTime:0.000014s ]
INFO: [ app_init ] --END-- [ RunTime:0.000277s ]

[ 2018-05-21T11:49:22+08:00 ] 182.100.1.217 /jradmin.php?m=admin&c=index&a=left
INFO: [ app_init ] --START--
INFO: Run Behavior\BuildLiteBehavior [ RunTime:0.000014s ]
INFO: [ app_init ] --END-- [ RunTime:0.000269s ]
INFO: [ app_begin ] --START--
INFO: Run Behavior\ReadHtmlCacheBehavior [ RunTime:0.000388s ]
INFO: Run Common\Behavior\CheckLangBehavior [ RunTime:0.001146s ]
NOTIC: [8] Use of undefined constant GROUP_NAME - assumed 'GROUP_NAME' /home/wwwroot/zhshg.0791jr.com/web/app/Common/Behavior/load_langBehavior.class.php 第 29 行.
INFO: Run Common\Behavior\load_langBehavior [ RunTime:0.000452s ]
INFO: [ app_begin ] --END-- [ RunTime:0.002082s ]
SQL: SHOW COLUMNS FROM `jrkj_menu` [ RunTime:0.0006s ]
SQL: SHOW COLUMNS FROM `jrkj_menu` [ RunTime:0.0005s ]
SQL: SELECT * FROM `jrkj_menu` WHERE (  `pid` = 70 ) AND `display` = 1 ORDER BY ordid,dialog desc  [ RunTime:0.0003s ]
SQL: SHOW COLUMNS FROM `jrkj_menu` [ RunTime:0.0007s ]
SQL: SELECT * FROM `jrkj_menu` WHERE (  `pid` = 70 ) AND `display` = 1 ORDER BY ordid,dialog desc  [ RunTime:0.0003s ]
SQL: SELECT * FROM `jrkj_menu` WHERE (  `pid` = 117 ) AND `display` = 1 ORDER BY ordid,dialog desc  [ RunTime:0.0003s ]
INFO: [ view_parse ] --START--
INFO: [ template_filter ] --START--
INFO: Run Behavior\ContentReplaceBehavior [ RunTime:0.000046s ]
INFO: [ template_filter ] --END-- [ RunTime:0.000088s ]
INFO: Run Behavior\ParseTemplateBehavior [ RunTime:0.006285s ]
INFO: [ view_parse ] --END-- [ RunTime:0.006324s ]
INFO: [ view_filter ] --START--
INFO: Run Behavior\WriteHtmlCacheBehavior [ RunTime:0.000130s ]
INFO: Run Behavior\TokenBuildBehavior [ RunTime:0.000211s ]
INFO: [ view_filter ] --END-- [ RunTime:0.000400s ]
INFO: [ app_end ] --START--
INFO: Run Behavior\ShowPageTraceBehavior [ RunTime:0.000387s ]
INFO: [ app_end ] --END-- [ RunTime:0.000426s ]

[ 2018-05-21T11:49:23+08:00 ] 182.100.1.217 /jradmin.php?m=admin&c=member&a=index&menuid=149
INFO: [ app_init ] --START--
INFO: Run Behavior\BuildLiteBehavior [ RunTime:0.000014s ]
INFO: [ app_init ] --END-- [ RunTime:0.000278s ]

[ 2018-05-21T11:49:24+08:00 ] 182.100.1.217 /jradmin.php?m=admin&c=Member&a=export&menuid=149&cate_id=&time_start=&time_end=&vips=&keyword=
INFO: [ app_init ] --START--
INFO: Run Behavior\BuildLiteBehavior [ RunTime:0.000012s ]
INFO: [ app_init ] --END-- [ RunTime:0.000257s ]

[ 2018-05-21T11:51:39+08:00 ] 182.100.1.217 /jradmin.php?m=admin&c=member&a=index&menuid=149
INFO: [ app_init ] --START--
INFO: Run Behavior\BuildLiteBehavior [ RunTime:0.000012s ]
INFO: [ app_init ] --END-- [ RunTime:0.000276s ]

[ 2018-05-21T11:51:39+08:00 ] 182.100.1.217 /jradmin.php
INFO: [ app_init ] --START--
INFO: Run Behavior\BuildLiteBehavior [ RunTime:0.000017s ]
INFO: [ app_init ] --END-- [ RunTime:0.000314s ]

[ 2018-05-21T11:51:39+08:00 ] 182.100.1.217 /jradmin.php?m=admin&c=index&a=panel
INFO: [ app_init ] --START--
INFO: Run Behavior\BuildLiteBehavior [ RunTime:0.000012s ]
INFO: [ app_init ] --END-- [ RunTime:0.000258s ]

[ 2018-05-21T11:51:40+08:00 ] 182.100.1.217 /jradmin.php?m=admin&c=index&a=left
INFO: [ app_init ] --START--
INFO: Run Behavior\BuildLiteBehavior [ RunTime:0.000013s ]
INFO: [ app_init ] --END-- [ RunTime:0.000286s ]
INFO: [ app_begin ] --START--
INFO: Run Behavior\ReadHtmlCacheBehavior [ RunTime:0.000374s ]
INFO: Run Common\Behavior\CheckLangBehavior [ RunTime:0.001190s ]
NOTIC: [8] Use of undefined constant GROUP_NAME - assumed 'GROUP_NAME' /home/wwwroot/zhshg.0791jr.com/web/app/Common/Behavior/load_langBehavior.class.php 第 29 行.
INFO: Run Common\Behavior\load_langBehavior [ RunTime:0.000466s ]
INFO: [ app_begin ] --END-- [ RunTime:0.002128s ]
SQL: SHOW COLUMNS FROM `jrkj_menu` [ RunTime:0.0007s ]
NOTIC: [8] Undefined variable: left_menu /home/wwwroot/zhshg.0791jr.com/web/app/Admin/Controller/IndexController.class.php 第 128 行.
INFO: [ view_parse ] --START--
INFO: [ template_filter ] --START--
INFO: Run Behavior\ContentReplaceBehavior [ RunTime:0.000040s ]
INFO: [ template_filter ] --END-- [ RunTime:0.000079s ]
INFO: Run Behavior\ParseTemplateBehavior [ RunTime:0.006654s ]
INFO: [ view_parse ] --END-- [ RunTime:0.006693s ]
INFO: [ view_filter ] --START--
INFO: Run Behavior\WriteHtmlCacheBehavior [ RunTime:0.000131s ]
INFO: Run Behavior\TokenBuildBehavior [ RunTime:0.000206s ]
INFO: [ view_filter ] --END-- [ RunTime:0.000395s ]
INFO: [ app_end ] --START--
INFO: Run Behavior\ShowPageTraceBehavior [ RunTime:0.000385s ]
INFO: [ app_end ] --END-- [ RunTime:0.000462s ]

[ 2018-05-21T11:51:40+08:00 ] 182.100.1.217 /jradmin.php?m=admin&c=index&a=left
INFO: [ app_init ] --START--
INFO: Run Behavior\BuildLiteBehavior [ RunTime:0.000013s ]
INFO: [ app_init ] --END-- [ RunTime:0.000265s ]
INFO: [ app_begin ] --START--
INFO: Run Behavior\ReadHtmlCacheBehavior [ RunTime:0.000352s ]
INFO: Run Common\Behavior\CheckLangBehavior [ RunTime:0.001131s ]
NOTIC: [8] Use of undefined constant GROUP_NAME - assumed 'GROUP_NAME' /home/wwwroot/zhshg.0791jr.com/web/app/Common/Behavior/load_langBehavior.class.php 第 29 行.
INFO: Run Common\Behavior\load_langBehavior [ RunTime:0.000453s ]
INFO: [ app_begin ] --END-- [ RunTime:0.002030s ]
SQL: SHOW COLUMNS FROM `jrkj_menu` [ RunTime:0.0008s ]
SQL: SHOW COLUMNS FROM `jrkj_menu` [ RunTime:0.0005s ]
SQL: SELECT * FROM `jrkj_menu` WHERE (  `pid` = 1 ) AND `display` = 1 ORDER BY ordid,dialog desc  [ RunTime:0.0004s ]
SQL: SHOW COLUMNS FROM `jrkj_menu` [ RunTime:0.0006s ]
SQL: SELECT * FROM `jrkj_menu` WHERE (  `pid` = 1 ) AND `display` = 1 ORDER BY ordid,dialog desc  [ RunTime:0.0003s ]
SQL: SELECT * FROM `jrkj_menu` WHERE (  `pid` = 2 ) AND `display` = 1 ORDER BY ordid,dialog desc  [ RunTime:0.0003s ]
SQL: SELECT * FROM `jrkj_menu` WHERE (  `pid` = 60 ) AND `display` = 1 ORDER BY ordid,dialog desc  [ RunTime:0.0003s ]
INFO: [ view_parse ] --START--
INFO: [ template_filter ] --START--
INFO: Run Behavior\ContentReplaceBehavior [ RunTime:0.000052s ]
INFO: [ template_filter ] --END-- [ RunTime:0.000105s ]
INFO: Run Behavior\ParseTemplateBehavior [ RunTime:0.006864s ]
INFO: [ view_parse ] --END-- [ RunTime:0.006905s ]
INFO: [ view_filter ] --START--
INFO: Run Behavior\WriteHtmlCacheBehavior [ RunTime:0.000156s ]
INFO: Run Behavior\TokenBuildBehavior [ RunTime:0.000312s ]
INFO: [ view_filter ] --END-- [ RunTime:0.000585s ]
INFO: [ app_end ] --START--
INFO: Run Behavior\ShowPageTraceBehavior [ RunTime:0.000401s ]
INFO: [ app_end ] --END-- [ RunTime:0.000456s ]

[ 2018-05-21T11:51:41+08:00 ] 182.100.1.217 /jradmin.php?m=admin&c=setting&a=index&menuid=148
INFO: [ app_init ] --START--
INFO: Run Behavior\BuildLiteBehavior [ RunTime:0.000013s ]
INFO: [ app_init ] --END-- [ RunTime:0.000269s ]

[ 2018-05-21T11:51:41+08:00 ] 182.100.1.217 /jradmin.php?m=admin&c=setting&a=index&menuid=148
INFO: [ app_init ] --START--
INFO: Run Behavior\BuildLiteBehavior [ RunTime:0.000012s ]
INFO: [ app_init ] --END-- [ RunTime:0.000260s ]

[ 2018-05-21T11:54:07+08:00 ] 182.100.1.217 /jradmin.php
INFO: [ app_init ] --START--
INFO: Run Behavior\BuildLiteBehavior [ RunTime:0.000014s ]
INFO: [ app_init ] --END-- [ RunTime:0.000289s ]

[ 2018-05-21T11:54:08+08:00 ] 182.100.1.217 /jradmin.php?m=admin&c=index&a=panel
INFO: [ app_init ] --START--
INFO: Run Behavior\BuildLiteBehavior [ RunTime:0.000013s ]
INFO: [ app_init ] --END-- [ RunTime:0.000280s ]

[ 2018-05-21T11:54:08+08:00 ] 182.100.1.217 /jradmin.php?m=admin&c=index&a=left
INFO: [ app_init ] --START--
INFO: Run Behavior\BuildLiteBehavior [ RunTime:0.000012s ]
INFO: [ app_init ] --END-- [ RunTime:0.000258s ]
INFO: [ app_begin ] --START--
INFO: Run Behavior\ReadHtmlCacheBehavior [ RunTime:0.000370s ]
INFO: Run Common\Behavior\CheckLangBehavior [ RunTime:0.001123s ]
NOTIC: [8] Use of undefined constant GROUP_NAME - assumed 'GROUP_NAME' /home/wwwroot/zhshg.0791jr.com/web/app/Common/Behavior/load_langBehavior.class.php 第 29 行.
INFO: Run Common\Behavior\load_langBehavior [ RunTime:0.000425s ]
INFO: [ app_begin ] --END-- [ RunTime:0.002013s ]
SQL: SHOW COLUMNS FROM `jrkj_menu` [ RunTime:0.0007s ]
NOTIC: [8] Undefined variable: left_menu /home/wwwroot/zhshg.0791jr.com/web/app/Admin/Controller/IndexController.class.php 第 128 行.
INFO: [ view_parse ] --START--
INFO: [ template_filter ] --START--
INFO: Run Behavior\ContentReplaceBehavior [ RunTime:0.000040s ]
INFO: [ template_filter ] --END-- [ RunTime:0.000080s ]
INFO: Run Behavior\ParseTemplateBehavior [ RunTime:0.006070s ]
INFO: [ view_parse ] --END-- [ RunTime:0.006111s ]
INFO: [ view_filter ] --START--
INFO: Run Behavior\WriteHtmlCacheBehavior [ RunTime:0.000115s ]
INFO: Run Behavior\TokenBuildBehavior [ RunTime:0.000216s ]
INFO: [ view_filter ] --END-- [ RunTime:0.000388s ]
INFO: [ app_end ] --START--
INFO: Run Behavior\ShowPageTraceBehavior [ RunTime:0.000349s ]
INFO: [ app_end ] --END-- [ RunTime:0.000386s ]

