[ 2018-05-21T11:18:25+08:00 ] 140.207.54.76 /notify.php
INFO: [ app_init ] --START--
INFO: Run Behavior\BuildLiteBehavior [ RunTime:0.000012s ]
INFO: [ app_init ] --END-- [ RunTime:0.000269s ]
INFO: [ app_begin ] --START--
INFO: Run Behavior\ReadHtmlCacheBehavior [ RunTime:0.000433s ]
INFO: Run Common\Behavior\CheckLangBehavior [ RunTime:0.000291s ]
NOTIC: [8] Use of undefined constant GROUP_NAME - assumed 'GROUP_NAME' /home/wwwroot/zhshg.0791jr.com/web/app/Common/Behavior/load_langBehavior.class.php 第 29 行.
INFO: Run Common\Behavior\load_langBehavior [ RunTime:0.000325s ]
INFO: [ app_begin ] --END-- [ RunTime:0.001148s ]
SQL: SHOW COLUMNS FROM `jrkj_member` [ RunTime:0.0012s ]
SQL: SHOW COLUMNS FROM `jrkj_account` [ RunTime:0.0007s ]
SQL: SHOW COLUMNS FROM `jrkj_order_recharge` [ RunTime:0.0007s ]
SQL: SHOW COLUMNS FROM `jrkj_grade_rule` [ RunTime:0.0007s ]
NOTIC: [8] Undefined variable: result /home/wwwroot/zhshg.0791jr.com/web/app/Api/Controller/IndexController.class.php 第 349 行.
SQL: SELECT * FROM `jrkj_order_recharge` WHERE `dingdan` = '188064992980' LIMIT 1   [ RunTime:0.0003s ]
INFO: [ app_end ] --START--
INFO: Run Behavior\ShowPageTraceBehavior [ RunTime:0.000454s ]
INFO: [ app_end ] --END-- [ RunTime:0.000522s ]

[ 2018-05-21T11:37:51+08:00 ] 140.207.54.74 /notify.php
INFO: [ app_init ] --START--
INFO: Run Behavior\BuildLiteBehavior [ RunTime:0.000015s ]
INFO: [ app_init ] --END-- [ RunTime:0.000343s ]
INFO: [ app_begin ] --START--
INFO: Run Behavior\ReadHtmlCacheBehavior [ RunTime:0.000385s ]
INFO: Run Common\Behavior\CheckLangBehavior [ RunTime:0.000294s ]
NOTIC: [8] Use of undefined constant GROUP_NAME - assumed 'GROUP_NAME' /home/wwwroot/zhshg.0791jr.com/web/app/Common/Behavior/load_langBehavior.class.php 第 29 行.
INFO: Run Common\Behavior\load_langBehavior [ RunTime:0.000352s ]
INFO: [ app_begin ] --END-- [ RunTime:0.001148s ]
SQL: SHOW COLUMNS FROM `jrkj_member` [ RunTime:0.0015s ]
SQL: SHOW COLUMNS FROM `jrkj_account` [ RunTime:0.0008s ]
SQL: SHOW COLUMNS FROM `jrkj_order_recharge` [ RunTime:0.0008s ]
SQL: SHOW COLUMNS FROM `jrkj_grade_rule` [ RunTime:0.0009s ]
NOTIC: [8] Undefined variable: result /home/wwwroot/zhshg.0791jr.com/web/app/Api/Controller/IndexController.class.php 第 349 行.
SQL: SELECT * FROM `jrkj_order_recharge` WHERE `dingdan` = '188181356154' LIMIT 1   [ RunTime:0.0004s ]
INFO: [ app_end ] --START--
INFO: Run Behavior\ShowPageTraceBehavior [ RunTime:0.000557s ]
INFO: [ app_end ] --END-- [ RunTime:0.000632s ]

[ 2018-05-21T11:43:26+08:00 ] 140.207.54.75 /notify.php
INFO: [ app_init ] --START--
INFO: Run Behavior\BuildLiteBehavior [ RunTime:0.000014s ]
INFO: [ app_init ] --END-- [ RunTime:0.000281s ]
INFO: [ app_begin ] --START--
INFO: Run Behavior\ReadHtmlCacheBehavior [ RunTime:0.000388s ]
INFO: Run Common\Behavior\CheckLangBehavior [ RunTime:0.000297s ]
NOTIC: [8] Use of undefined constant GROUP_NAME - assumed 'GROUP_NAME' /home/wwwroot/zhshg.0791jr.com/web/app/Common/Behavior/load_langBehavior.class.php 第 29 行.
INFO: Run Common\Behavior\load_langBehavior [ RunTime:0.000337s ]
INFO: [ app_begin ] --END-- [ RunTime:0.001119s ]
SQL: SHOW COLUMNS FROM `jrkj_member` [ RunTime:0.0014s ]
SQL: SHOW COLUMNS FROM `jrkj_account` [ RunTime:0.0005s ]
SQL: SHOW COLUMNS FROM `jrkj_order_recharge` [ RunTime:0.0006s ]
SQL: SHOW COLUMNS FROM `jrkj_grade_rule` [ RunTime:0.0006s ]
NOTIC: [8] Undefined variable: result /home/wwwroot/zhshg.0791jr.com/web/app/Api/Controller/IndexController.class.php 第 349 行.
SQL: SELECT * FROM `jrkj_order_recharge` WHERE `dingdan` = '188035175895' LIMIT 1   [ RunTime:0.0003s ]
INFO: [ app_end ] --START--
INFO: Run Behavior\ShowPageTraceBehavior [ RunTime:0.000424s ]
INFO: [ app_end ] --END-- [ RunTime:0.000482s ]

[ 2018-05-21T11:48:27+08:00 ] 140.207.54.76 /notify.php
INFO: [ app_init ] --START--
INFO: Run Behavior\BuildLiteBehavior [ RunTime:0.000012s ]
INFO: [ app_init ] --END-- [ RunTime:0.000300s ]
INFO: [ app_begin ] --START--
INFO: Run Behavior\ReadHtmlCacheBehavior [ RunTime:0.000364s ]
INFO: Run Common\Behavior\CheckLangBehavior [ RunTime:0.000290s ]
NOTIC: [8] Use of undefined constant GROUP_NAME - assumed 'GROUP_NAME' /home/wwwroot/zhshg.0791jr.com/web/app/Common/Behavior/load_langBehavior.class.php 第 29 行.
INFO: Run Common\Behavior\load_langBehavior [ RunTime:0.000359s ]
INFO: [ app_begin ] --END-- [ RunTime:0.001110s ]
SQL: SHOW COLUMNS FROM `jrkj_member` [ RunTime:0.0019s ]
SQL: SHOW COLUMNS FROM `jrkj_account` [ RunTime:0.0006s ]
SQL: SHOW COLUMNS FROM `jrkj_order_recharge` [ RunTime:0.0005s ]
SQL: SHOW COLUMNS FROM `jrkj_grade_rule` [ RunTime:0.0006s ]
NOTIC: [8] Undefined variable: result /home/wwwroot/zhshg.0791jr.com/web/app/Api/Controller/IndexController.class.php 第 349 行.
SQL: SELECT * FROM `jrkj_order_recharge` WHERE `dingdan` = '188064992980' LIMIT 1   [ RunTime:0.0003s ]
INFO: [ app_end ] --START--
INFO: Run Behavior\ShowPageTraceBehavior [ RunTime:0.000407s ]
INFO: [ app_end ] --END-- [ RunTime:0.000459s ]

[ 2018-05-21T12:07:52+08:00 ] 140.207.54.75 /notify.php
INFO: [ app_init ] --START--
INFO: Run Behavior\BuildLiteBehavior [ RunTime:0.000013s ]
INFO: [ app_init ] --END-- [ RunTime:0.000280s ]
INFO: [ app_begin ] --START--
INFO: Run Behavior\ReadHtmlCacheBehavior [ RunTime:0.000361s ]
INFO: Run Common\Behavior\CheckLangBehavior [ RunTime:0.000290s ]
NOTIC: [8] Use of undefined constant GROUP_NAME - assumed 'GROUP_NAME' /home/wwwroot/zhshg.0791jr.com/web/app/Common/Behavior/load_langBehavior.class.php 第 29 行.
INFO: Run Common\Behavior\load_langBehavior [ RunTime:0.000330s ]
INFO: [ app_begin ] --END-- [ RunTime:0.001098s ]
SQL: SHOW COLUMNS FROM `jrkj_member` [ RunTime:0.0014s ]
SQL: SHOW COLUMNS FROM `jrkj_account` [ RunTime:0.0006s ]
SQL: SHOW COLUMNS FROM `jrkj_order_recharge` [ RunTime:0.0006s ]
SQL: SHOW COLUMNS FROM `jrkj_grade_rule` [ RunTime:0.0006s ]
NOTIC: [8] Undefined variable: result /home/wwwroot/zhshg.0791jr.com/web/app/Api/Controller/IndexController.class.php 第 349 行.
SQL: SELECT * FROM `jrkj_order_recharge` WHERE `dingdan` = '188181356154' LIMIT 1   [ RunTime:0.0003s ]
INFO: [ app_end ] --START--
INFO: Run Behavior\ShowPageTraceBehavior [ RunTime:0.000393s ]
INFO: [ app_end ] --END-- [ RunTime:0.000445s ]

[ 2018-05-21T12:13:28+08:00 ] 140.207.54.75 /notify.php
INFO: [ app_init ] --START--
INFO: Run Behavior\BuildLiteBehavior [ RunTime:0.000012s ]
INFO: [ app_init ] --END-- [ RunTime:0.000268s ]
INFO: [ app_begin ] --START--
INFO: Run Behavior\ReadHtmlCacheBehavior [ RunTime:0.000383s ]
INFO: Run Common\Behavior\CheckLangBehavior [ RunTime:0.000336s ]
NOTIC: [8] Use of undefined constant GROUP_NAME - assumed 'GROUP_NAME' /home/wwwroot/zhshg.0791jr.com/web/app/Common/Behavior/load_langBehavior.class.php 第 29 行.
INFO: Run Common\Behavior\load_langBehavior [ RunTime:0.000322s ]
INFO: [ app_begin ] --END-- [ RunTime:0.001137s ]
SQL: SHOW COLUMNS FROM `jrkj_member` [ RunTime:0.0014s ]
SQL: SHOW COLUMNS FROM `jrkj_account` [ RunTime:0.0006s ]
SQL: SHOW COLUMNS FROM `jrkj_order_recharge` [ RunTime:0.0006s ]
SQL: SHOW COLUMNS FROM `jrkj_grade_rule` [ RunTime:0.0006s ]
NOTIC: [8] Undefined variable: result /home/wwwroot/zhshg.0791jr.com/web/app/Api/Controller/IndexController.class.php 第 349 行.
SQL: SELECT * FROM `jrkj_order_recharge` WHERE `dingdan` = '188035175895' LIMIT 1   [ RunTime:0.0003s ]
INFO: [ app_end ] --START--
INFO: Run Behavior\ShowPageTraceBehavior [ RunTime:0.000434s ]
INFO: [ app_end ] --END-- [ RunTime:0.000491s ]

[ 2018-05-21T12:18:28+08:00 ] 140.207.54.76 /notify.php
INFO: [ app_init ] --START--
INFO: Run Behavior\BuildLiteBehavior [ RunTime:0.000013s ]
INFO: [ app_init ] --END-- [ RunTime:0.000272s ]
INFO: [ app_begin ] --START--
INFO: Run Behavior\ReadHtmlCacheBehavior [ RunTime:0.000363s ]
INFO: Run Common\Behavior\CheckLangBehavior [ RunTime:0.000318s ]
NOTIC: [8] Use of undefined constant GROUP_NAME - assumed 'GROUP_NAME' /home/wwwroot/zhshg.0791jr.com/web/app/Common/Behavior/load_langBehavior.class.php 第 29 行.
INFO: Run Common\Behavior\load_langBehavior [ RunTime:0.000314s ]
INFO: [ app_begin ] --END-- [ RunTime:0.001094s ]
SQL: SHOW COLUMNS FROM `jrkj_member` [ RunTime:0.0014s ]
SQL: SHOW COLUMNS FROM `jrkj_account` [ RunTime:0.0005s ]
SQL: SHOW COLUMNS FROM `jrkj_order_recharge` [ RunTime:0.0006s ]
SQL: SHOW COLUMNS FROM `jrkj_grade_rule` [ RunTime:0.0006s ]
NOTIC: [8] Undefined variable: result /home/wwwroot/zhshg.0791jr.com/web/app/Api/Controller/IndexController.class.php 第 349 行.
SQL: SELECT * FROM `jrkj_order_recharge` WHERE `dingdan` = '188064992980' LIMIT 1   [ RunTime:0.0003s ]
INFO: [ app_end ] --START--
INFO: Run Behavior\ShowPageTraceBehavior [ RunTime:0.000379s ]
INFO: [ app_end ] --END-- [ RunTime:0.000429s ]

[ 2018-05-21T12:37:55+08:00 ] 140.207.54.76 /notify.php
INFO: [ app_init ] --START--
INFO: Run Behavior\BuildLiteBehavior [ RunTime:0.000014s ]
INFO: [ app_init ] --END-- [ RunTime:0.000304s ]
INFO: [ app_begin ] --START--
INFO: Run Behavior\ReadHtmlCacheBehavior [ RunTime:0.000363s ]
INFO: Run Common\Behavior\CheckLangBehavior [ RunTime:0.000294s ]
NOTIC: [8] Use of undefined constant GROUP_NAME - assumed 'GROUP_NAME' /home/wwwroot/zhshg.0791jr.com/web/app/Common/Behavior/load_langBehavior.class.php 第 29 行.
INFO: Run Common\Behavior\load_langBehavior [ RunTime:0.000362s ]
INFO: [ app_begin ] --END-- [ RunTime:0.001117s ]
SQL: SHOW COLUMNS FROM `jrkj_member` [ RunTime:0.0014s ]
SQL: SHOW COLUMNS FROM `jrkj_account` [ RunTime:0.0005s ]
SQL: SHOW COLUMNS FROM `jrkj_order_recharge` [ RunTime:0.0006s ]
SQL: SHOW COLUMNS FROM `jrkj_grade_rule` [ RunTime:0.0006s ]
NOTIC: [8] Undefined variable: result /home/wwwroot/zhshg.0791jr.com/web/app/Api/Controller/IndexController.class.php 第 349 行.
SQL: SELECT * FROM `jrkj_order_recharge` WHERE `dingdan` = '188181356154' LIMIT 1   [ RunTime:0.0003s ]
INFO: [ app_end ] --START--
INFO: Run Behavior\ShowPageTraceBehavior [ RunTime:0.000420s ]
INFO: [ app_end ] --END-- [ RunTime:0.000476s ]

[ 2018-05-21T12:43:29+08:00 ] 140.207.54.75 /notify.php
INFO: [ app_init ] --START--
INFO: Run Behavior\BuildLiteBehavior [ RunTime:0.000017s ]
INFO: [ app_init ] --END-- [ RunTime:0.000307s ]
INFO: [ app_begin ] --START--
INFO: Run Behavior\ReadHtmlCacheBehavior [ RunTime:0.000388s ]
INFO: Run Common\Behavior\CheckLangBehavior [ RunTime:0.000313s ]
NOTIC: [8] Use of undefined constant GROUP_NAME - assumed 'GROUP_NAME' /home/wwwroot/zhshg.0791jr.com/web/app/Common/Behavior/load_langBehavior.class.php 第 29 行.
INFO: Run Common\Behavior\load_langBehavior [ RunTime:0.000344s ]
INFO: [ app_begin ] --END-- [ RunTime:0.001158s ]
SQL: SHOW COLUMNS FROM `jrkj_member` [ RunTime:0.0013s ]
SQL: SHOW COLUMNS FROM `jrkj_account` [ RunTime:0.0005s ]
SQL: SHOW COLUMNS FROM `jrkj_order_recharge` [ RunTime:0.0005s ]
SQL: SHOW COLUMNS FROM `jrkj_grade_rule` [ RunTime:0.0006s ]
NOTIC: [8] Undefined variable: result /home/wwwroot/zhshg.0791jr.com/web/app/Api/Controller/IndexController.class.php 第 349 行.
SQL: SELECT * FROM `jrkj_order_recharge` WHERE `dingdan` = '188035175895' LIMIT 1   [ RunTime:0.0003s ]
INFO: [ app_end ] --START--
INFO: Run Behavior\ShowPageTraceBehavior [ RunTime:0.000375s ]
INFO: [ app_end ] --END-- [ RunTime:0.000425s ]

[ 2018-05-21T12:48:30+08:00 ] 140.207.54.75 /notify.php
INFO: [ app_init ] --START--
INFO: Run Behavior\BuildLiteBehavior [ RunTime:0.000014s ]
INFO: [ app_init ] --END-- [ RunTime:0.000277s ]
INFO: [ app_begin ] --START--
INFO: Run Behavior\ReadHtmlCacheBehavior [ RunTime:0.000410s ]
INFO: Run Common\Behavior\CheckLangBehavior [ RunTime:0.000307s ]
NOTIC: [8] Use of undefined constant GROUP_NAME - assumed 'GROUP_NAME' /home/wwwroot/zhshg.0791jr.com/web/app/Common/Behavior/load_langBehavior.class.php 第 29 行.
INFO: Run Common\Behavior\load_langBehavior [ RunTime:0.000319s ]
INFO: [ app_begin ] --END-- [ RunTime:0.001132s ]
SQL: SHOW COLUMNS FROM `jrkj_member` [ RunTime:0.0013s ]
SQL: SHOW COLUMNS FROM `jrkj_account` [ RunTime:0.0005s ]
SQL: SHOW COLUMNS FROM `jrkj_order_recharge` [ RunTime:0.0006s ]
SQL: SHOW COLUMNS FROM `jrkj_grade_rule` [ RunTime:0.0006s ]
NOTIC: [8] Undefined variable: result /home/wwwroot/zhshg.0791jr.com/web/app/Api/Controller/IndexController.class.php 第 349 行.
SQL: SELECT * FROM `jrkj_order_recharge` WHERE `dingdan` = '188064992980' LIMIT 1   [ RunTime:0.0003s ]
INFO: [ app_end ] --START--
INFO: Run Behavior\ShowPageTraceBehavior [ RunTime:0.000406s ]
INFO: [ app_end ] --END-- [ RunTime:0.000459s ]

[ 2018-05-21T13:07:56+08:00 ] 140.207.54.75 /notify.php
INFO: [ app_init ] --START--
INFO: Run Behavior\BuildLiteBehavior [ RunTime:0.000015s ]
INFO: [ app_init ] --END-- [ RunTime:0.000312s ]
INFO: [ app_begin ] --START--
INFO: Run Behavior\ReadHtmlCacheBehavior [ RunTime:0.000378s ]
INFO: Run Common\Behavior\CheckLangBehavior [ RunTime:0.000295s ]
NOTIC: [8] Use of undefined constant GROUP_NAME - assumed 'GROUP_NAME' /home/wwwroot/zhshg.0791jr.com/web/app/Common/Behavior/load_langBehavior.class.php 第 29 行.
INFO: Run Common\Behavior\load_langBehavior [ RunTime:0.000358s ]
INFO: [ app_begin ] --END-- [ RunTime:0.001128s ]
SQL: SHOW COLUMNS FROM `jrkj_member` [ RunTime:0.0014s ]
SQL: SHOW COLUMNS FROM `jrkj_account` [ RunTime:0.0005s ]
SQL: SHOW COLUMNS FROM `jrkj_order_recharge` [ RunTime:0.0006s ]
SQL: SHOW COLUMNS FROM `jrkj_grade_rule` [ RunTime:0.0010s ]
NOTIC: [8] Undefined variable: result /home/wwwroot/zhshg.0791jr.com/web/app/Api/Controller/IndexController.class.php 第 349 行.
SQL: SELECT * FROM `jrkj_order_recharge` WHERE `dingdan` = '188181356154' LIMIT 1   [ RunTime:0.0003s ]
INFO: [ app_end ] --START--
INFO: Run Behavior\ShowPageTraceBehavior [ RunTime:0.000408s ]
INFO: [ app_end ] --END-- [ RunTime:0.000461s ]

[ 2018-05-21T13:43:31+08:00 ] 140.207.54.75 /notify.php
INFO: [ app_init ] --START--
INFO: Run Behavior\BuildLiteBehavior [ RunTime:0.000019s ]
INFO: [ app_init ] --END-- [ RunTime:0.000339s ]
INFO: [ app_begin ] --START--
INFO: Run Behavior\ReadHtmlCacheBehavior [ RunTime:0.000370s ]
INFO: Run Common\Behavior\CheckLangBehavior [ RunTime:0.000323s ]
NOTIC: [8] Use of undefined constant GROUP_NAME - assumed 'GROUP_NAME' /home/wwwroot/zhshg.0791jr.com/web/app/Common/Behavior/load_langBehavior.class.php 第 29 行.
INFO: Run Common\Behavior\load_langBehavior [ RunTime:0.000334s ]
INFO: [ app_begin ] --END-- [ RunTime:0.001138s ]
SQL: SHOW COLUMNS FROM `jrkj_member` [ RunTime:0.0014s ]
SQL: SHOW COLUMNS FROM `jrkj_account` [ RunTime:0.0005s ]
SQL: SHOW COLUMNS FROM `jrkj_order_recharge` [ RunTime:0.0006s ]
SQL: SHOW COLUMNS FROM `jrkj_grade_rule` [ RunTime:0.0006s ]
NOTIC: [8] Undefined variable: result /home/wwwroot/zhshg.0791jr.com/web/app/Api/Controller/IndexController.class.php 第 349 行.
SQL: SELECT * FROM `jrkj_order_recharge` WHERE `dingdan` = '188035175895' LIMIT 1   [ RunTime:0.0003s ]
INFO: [ app_end ] --START--
INFO: Run Behavior\ShowPageTraceBehavior [ RunTime:0.000444s ]
INFO: [ app_end ] --END-- [ RunTime:0.000510s ]

[ 2018-05-21T13:48:32+08:00 ] 140.207.54.75 /notify.php
INFO: [ app_init ] --START--
INFO: Run Behavior\BuildLiteBehavior [ RunTime:0.000013s ]
INFO: [ app_init ] --END-- [ RunTime:0.000278s ]
INFO: [ app_begin ] --START--
INFO: Run Behavior\ReadHtmlCacheBehavior [ RunTime:0.000364s ]
INFO: Run Common\Behavior\CheckLangBehavior [ RunTime:0.000293s ]
NOTIC: [8] Use of undefined constant GROUP_NAME - assumed 'GROUP_NAME' /home/wwwroot/zhshg.0791jr.com/web/app/Common/Behavior/load_langBehavior.class.php 第 29 行.
INFO: Run Common\Behavior\load_langBehavior [ RunTime:0.000335s ]
INFO: [ app_begin ] --END-- [ RunTime:0.001106s ]
SQL: SHOW COLUMNS FROM `jrkj_member` [ RunTime:0.0014s ]
SQL: SHOW COLUMNS FROM `jrkj_account` [ RunTime:0.0006s ]
SQL: SHOW COLUMNS FROM `jrkj_order_recharge` [ RunTime:0.0006s ]
SQL: SHOW COLUMNS FROM `jrkj_grade_rule` [ RunTime:0.0008s ]
NOTIC: [8] Undefined variable: result /home/wwwroot/zhshg.0791jr.com/web/app/Api/Controller/IndexController.class.php 第 349 行.
SQL: SELECT * FROM `jrkj_order_recharge` WHERE `dingdan` = '188064992980' LIMIT 1   [ RunTime:0.0003s ]
INFO: [ app_end ] --START--
INFO: Run Behavior\ShowPageTraceBehavior [ RunTime:0.000395s ]
INFO: [ app_end ] --END-- [ RunTime:0.000450s ]

[ 2018-05-21T14:07:59+08:00 ] 140.207.54.74 /notify.php
INFO: [ app_init ] --START--
INFO: Run Behavior\BuildLiteBehavior [ RunTime:0.000013s ]
INFO: [ app_init ] --END-- [ RunTime:0.000271s ]
INFO: [ app_begin ] --START--
INFO: Run Behavior\ReadHtmlCacheBehavior [ RunTime:0.000386s ]
INFO: Run Common\Behavior\CheckLangBehavior [ RunTime:0.000289s ]
NOTIC: [8] Use of undefined constant GROUP_NAME - assumed 'GROUP_NAME' /home/wwwroot/zhshg.0791jr.com/web/app/Common/Behavior/load_langBehavior.class.php 第 29 行.
INFO: Run Common\Behavior\load_langBehavior [ RunTime:0.000338s ]
INFO: [ app_begin ] --END-- [ RunTime:0.001117s ]
SQL: SHOW COLUMNS FROM `jrkj_member` [ RunTime:0.0012s ]
SQL: SHOW COLUMNS FROM `jrkj_account` [ RunTime:0.0005s ]
SQL: SHOW COLUMNS FROM `jrkj_order_recharge` [ RunTime:0.0007s ]
SQL: SHOW COLUMNS FROM `jrkj_grade_rule` [ RunTime:0.0006s ]
NOTIC: [8] Undefined variable: result /home/wwwroot/zhshg.0791jr.com/web/app/Api/Controller/IndexController.class.php 第 349 行.
SQL: SELECT * FROM `jrkj_order_recharge` WHERE `dingdan` = '188181356154' LIMIT 1   [ RunTime:0.0003s ]
INFO: [ app_end ] --START--
INFO: Run Behavior\ShowPageTraceBehavior [ RunTime:0.000402s ]
INFO: [ app_end ] --END-- [ RunTime:0.000456s ]

